Open5GS daemon v2.7.6-78-g47d0062

04/28 15:13:57.723: [app] INFO: Configuration: '/open5gs/install/etc/open5gs/hss.yaml' (../lib/app/ogs-init.c:144)
04/28 15:13:57.723: [app] INFO: File Logging: '/open5gs/install/var/log/open5gs/hss.log' (../lib/app/ogs-init.c:147)
04/28 15:13:57.726: [dbi] INFO: MongoDB URI: 'mongodb://172.22.0.2/open5gs' (../lib/dbi/ogs-mongoc.c:130)
04/28 15:13:57.751: [app] INFO: Polling freeDiameter stats every 60000000 usecs (../lib/diameter/common/stats.c:77)
04/28 15:13:57.751: [app] INFO: HSS initialize...done (../src/hss/app-init.c:31)
04/28 15:13:57.754: [diam] INFO: CONNECTED TO 'mme.epc.mnc001.mcc001.3gppnetwork.org' (SCTP,soc#15): (../lib/diameter/common/logger.c:81)
Open5GS daemon v2.7.6-78-g47d0062

04/30 08:31:07.241: [app] INFO: Configuration: '/open5gs/install/etc/open5gs/hss.yaml' (../lib/app/ogs-init.c:144)
04/30 08:31:07.241: [app] INFO: File Logging: '/open5gs/install/var/log/open5gs/hss.log' (../lib/app/ogs-init.c:147)
04/30 08:31:07.243: [dbi] INFO: MongoDB URI: 'mongodb://172.22.0.2/open5gs' (../lib/dbi/ogs-mongoc.c:130)
04/30 08:31:07.270: [app] INFO: Polling freeDiameter stats every 60000000 usecs (../lib/diameter/common/stats.c:77)
04/30 08:31:07.270: [app] INFO: HSS initialize...done (../src/hss/app-init.c:31)
04/30 08:31:07.271: [diam] INFO: CONNECTED TO 'mme.epc.mnc001.mcc001.3gppnetwork.org' (SCTP,soc#15): (../lib/diameter/common/logger.c:81)
04/30 09:48:34.946: [core] ERROR: epoll failed (4:Interrupted system call) (../lib/core/ogs-epoll.c:221)
Open5GS daemon v2.7.6-78-g47d0062

05/02 07:51:27.843: [app] INFO: Configuration: '/open5gs/install/etc/open5gs/hss.yaml' (../lib/app/ogs-init.c:144)
05/02 07:51:27.843: [app] INFO: File Logging: '/open5gs/install/var/log/open5gs/hss.log' (../lib/app/ogs-init.c:147)
05/02 07:51:27.845: [dbi] INFO: MongoDB URI: 'mongodb://172.22.0.2/open5gs' (../lib/dbi/ogs-mongoc.c:130)
05/02 07:51:27.876: [app] INFO: Polling freeDiameter stats every 60000000 usecs (../lib/diameter/common/stats.c:77)
05/02 07:51:27.876: [app] INFO: HSS initialize...done (../src/hss/app-init.c:31)
05/02 07:51:27.877: [diam] INFO: CONNECTED TO 'mme.epc.mnc001.mcc001.3gppnetwork.org' (SCTP,soc#15): (../lib/diameter/common/logger.c:81)
Open5GS daemon v2.7.6-78-g47d0062

05/02 10:17:38.214: [app] INFO: Configuration: '/open5gs/install/etc/open5gs/hss.yaml' (../lib/app/ogs-init.c:144)
05/02 10:17:38.214: [app] INFO: File Logging: '/open5gs/install/var/log/open5gs/hss.log' (../lib/app/ogs-init.c:147)
05/02 10:17:38.216: [dbi] INFO: MongoDB URI: 'mongodb://172.22.0.2/open5gs' (../lib/dbi/ogs-mongoc.c:130)
05/02 10:17:38.242: [app] INFO: Polling freeDiameter stats every 60000000 usecs (../lib/diameter/common/stats.c:77)
05/02 10:17:38.242: [app] INFO: HSS initialize...done (../src/hss/app-init.c:31)
05/02 10:17:38.244: [diam] INFO: CONNECTED TO 'mme.epc.mnc001.mcc001.3gppnetwork.org' (SCTP,soc#15): (../lib/diameter/common/logger.c:81)
Open5GS daemon v2.7.6-78-g47d0062

05/06 16:29:55.952: [app] INFO: Configuration: '/open5gs/install/etc/open5gs/hss.yaml' (../lib/app/ogs-init.c:144)
05/06 16:29:55.952: [app] INFO: File Logging: '/open5gs/install/var/log/open5gs/hss.log' (../lib/app/ogs-init.c:147)
05/06 16:29:55.953: [dbi] INFO: MongoDB URI: 'mongodb://172.22.0.2/open5gs' (../lib/dbi/ogs-mongoc.c:130)
05/06 16:29:55.974: [app] INFO: Polling freeDiameter stats every 60000000 usecs (../lib/diameter/common/stats.c:77)
05/06 16:29:55.974: [app] INFO: HSS initialize...done (../src/hss/app-init.c:31)
05/06 16:29:55.975: [diam] INFO: CONNECTED TO 'mme.epc.mnc001.mcc001.3gppnetwork.org' (SCTP,soc#15): (../lib/diameter/common/logger.c:81)
