[32m05/07 15:00:16.624[0m: [[33mmme[0m] [1;32mINFO[0m: InitialUEMessage (../src/mme/s1ap-handler.c:493)
[32m05/07 15:00:16.624[0m: [[33mmme[0m] [1;32mINFO[0m: [Added] Number of eNB-UEs is now 1 (../src/mme/mme-context.c:5157)
[32m05/07 15:00:16.624[0m: [[33mmme[0m] [1;32mINFO[0m:     ENB_UE_S1AP_ID[37] MME_UE_S1AP_ID[37] TAC[1] CellID[0x19b01] (../src/mme/s1ap-handler.c:734)
[32m05/07 15:00:16.624[0m: [[33mmme[0m] [1;32mINFO[0m: [001010000123542] Known UE by GUTI[G:2,C:1,M_TMSI:0xc00006d5] (../src/mme/mme-context.c:3843)
[32m05/07 15:00:16.624[0m: [[33memm[0m] [1;32mINFO[0m: [001010000123542] Attach request (../src/mme/emm-sm.c:474)
[32m05/07 15:00:16.624[0m: [[33memm[0m] [1;32mINFO[0m:     GUTI[G:2,C:1,M_TMSI:0xc00006d5] IMSI[001010000123542] (../src/mme/emm-handler.c:256)
[32m05/07 15:00:16.624[0m: [[33mmme[0m] [1;32mINFO[0m: [Added] Number of MME-Sessions is now 1 (../src/mme/mme-context.c:5171)
[32m05/07 15:00:16.889[0m: [[33memm[0m] [1;32mINFO[0m: [001010000123542] Attach complete (../src/mme/emm-sm.c:1578)
[32m05/07 15:00:16.889[0m: [[33memm[0m] [1;32mINFO[0m:     IMSI[001010000123542] (../src/mme/emm-handler.c:296)
[32m05/07 15:00:16.889[0m: [[33memm[0m] [1;32mINFO[0m:     UTC [2026-05-07T15:00:16] Timezone[0]/DST[0] (../src/mme/emm-handler.c:302)
[32m05/07 15:00:16.889[0m: [[33memm[0m] [1;32mINFO[0m:     LOCAL [2026-05-07T15:00:16] Timezone[0]/DST[0] (../src/mme/emm-handler.c:306)
[32m05/07 15:00:16.889[0m: [[33mmme[0m] [1;32mINFO[0m: [Added] Number of MME-Sessions is now 2 (../src/mme/mme-context.c:5171)
[32m05/07 15:00:28.566[0m: [[33mmme[0m] [1;32mINFO[0m: InitialUEMessage (../src/mme/s1ap-handler.c:493)
[32m05/07 15:00:28.566[0m: [[33mmme[0m] [1;32mINFO[0m: [Added] Number of eNB-UEs is now 2 (../src/mme/mme-context.c:5157)
[32m05/07 15:00:28.566[0m: [[33mmme[0m] [1;32mINFO[0m:     ENB_UE_S1AP_ID[38] MME_UE_S1AP_ID[38] TAC[1] CellID[0x19b01] (../src/mme/s1ap-handler.c:734)
[32m05/07 15:00:28.566[0m: [[33mmme[0m] [1;32mINFO[0m: [001010000123528] Known UE by GUTI[G:2,C:1,M_TMSI:0xc0000508] (../src/mme/mme-context.c:3843)
[32m05/07 15:00:28.566[0m: [[33memm[0m] [1;32mINFO[0m: [001010000123528] Attach request (../src/mme/emm-sm.c:474)
[32m05/07 15:00:28.566[0m: [[33memm[0m] [1;32mINFO[0m:     GUTI[G:2,C:1,M_TMSI:0xc0000508] IMSI[001010000123528] (../src/mme/emm-handler.c:256)
[32m05/07 15:00:28.566[0m: [[33mmme[0m] [1;32mINFO[0m: [Added] Number of MME-Sessions is now 3 (../src/mme/mme-context.c:5171)
[32m05/07 15:00:28.889[0m: [[33memm[0m] [1;32mINFO[0m: [001010000123528] Attach complete (../src/mme/emm-sm.c:1578)
[32m05/07 15:00:28.889[0m: [[33memm[0m] [1;32mINFO[0m:     IMSI[001010000123528] (../src/mme/emm-handler.c:296)
[32m05/07 15:00:28.889[0m: [[33memm[0m] [1;32mINFO[0m:     UTC [2026-05-07T15:00:28] Timezone[0]/DST[0] (../src/mme/emm-handler.c:302)
[32m05/07 15:00:28.889[0m: [[33memm[0m] [1;32mINFO[0m:     LOCAL [2026-05-07T15:00:28] Timezone[0]/DST[0] (../src/mme/emm-handler.c:306)
[32m05/07 15:00:29.246[0m: [[33mmme[0m] [1;32mINFO[0m: [Added] Number of MME-Sessions is now 4 (../src/mme/mme-context.c:5171)
