Open5GS daemon v2.7.6-78-g47d0062

04/28 15:13:57.833: [app] INFO: Configuration: '/open5gs/install/etc/open5gs/pcrf.yaml' (../lib/app/ogs-init.c:144)
04/28 15:13:57.833: [app] INFO: File Logging: '/open5gs/install/var/log/open5gs/pcrf.log' (../lib/app/ogs-init.c:147)
04/28 15:13:57.835: [dbi] INFO: MongoDB URI: 'mongodb://172.22.0.2/open5gs' (../lib/dbi/ogs-mongoc.c:130)
04/28 15:13:57.856: [app] INFO: Polling freeDiameter stats every 60000000 usecs (../lib/diameter/common/stats.c:77)
04/28 15:13:57.856: [app] INFO: PCRF initialize...done (../src/pcrf/app-init.c:31)
04/28 15:13:57.857: [diam] INFO: CONNECTED TO 'smf.epc.mnc001.mcc001.3gppnetwork.org' (SCTP,soc#16): (../lib/diameter/common/logger.c:81)
Open5GS daemon v2.7.6-78-g47d0062

04/30 08:31:07.232: [app] INFO: Configuration: '/open5gs/install/etc/open5gs/pcrf.yaml' (../lib/app/ogs-init.c:144)
04/30 08:31:07.232: [app] INFO: File Logging: '/open5gs/install/var/log/open5gs/pcrf.log' (../lib/app/ogs-init.c:147)
04/30 08:31:07.234: [dbi] INFO: MongoDB URI: 'mongodb://172.22.0.2/open5gs' (../lib/dbi/ogs-mongoc.c:130)
04/30 08:31:07.256: [app] INFO: Polling freeDiameter stats every 60000000 usecs (../lib/diameter/common/stats.c:77)
04/30 08:31:07.256: [app] INFO: PCRF initialize...done (../src/pcrf/app-init.c:31)
04/30 08:31:07.257: [diam] INFO: CONNECTED TO 'smf.epc.mnc001.mcc001.3gppnetwork.org' (SCTP,soc#15): (../lib/diameter/common/logger.c:81)
04/30 09:48:34.945: [core] ERROR: epoll failed (4:Interrupted system call) (../lib/core/ogs-epoll.c:221)
04/30 09:49:35.566: [diam] ERROR: pid:PSM/smf.epc.mnc001.mcc001.3gppnetwork.org in fd_psm_change_state@p_psm.c:284: 'STATE_OPEN'	-> 'STATE_CLOSED'	'smf.epc.mnc001.mcc001.3gppnetwork.org'
 ((null):0)
Open5GS daemon v2.7.6-78-g47d0062

05/02 07:51:27.911: [app] INFO: Configuration: '/open5gs/install/etc/open5gs/pcrf.yaml' (../lib/app/ogs-init.c:144)
05/02 07:51:27.911: [app] INFO: File Logging: '/open5gs/install/var/log/open5gs/pcrf.log' (../lib/app/ogs-init.c:147)
05/02 07:51:27.912: [dbi] INFO: MongoDB URI: 'mongodb://172.22.0.2/open5gs' (../lib/dbi/ogs-mongoc.c:130)
05/02 07:51:27.942: [app] INFO: Polling freeDiameter stats every 60000000 usecs (../lib/diameter/common/stats.c:77)
05/02 07:51:27.942: [app] INFO: PCRF initialize...done (../src/pcrf/app-init.c:31)
05/02 07:51:27.943: [diam] INFO: CONNECTED TO 'smf.epc.mnc001.mcc001.3gppnetwork.org' (SCTP,soc#16): (../lib/diameter/common/logger.c:81)
05/02 10:16:55.882: [diam] ERROR: pid:PSM/smf.epc.mnc001.mcc001.3gppnetwork.org in fd_psm_change_state@p_psm.c:284: 'STATE_OPEN'	-> 'STATE_CLOSED'	'smf.epc.mnc001.mcc001.3gppnetwork.org'
 ((null):0)
Open5GS daemon v2.7.6-78-g47d0062

05/02 10:17:38.520: [app] INFO: Configuration: '/open5gs/install/etc/open5gs/pcrf.yaml' (../lib/app/ogs-init.c:144)
05/02 10:17:38.520: [app] INFO: File Logging: '/open5gs/install/var/log/open5gs/pcrf.log' (../lib/app/ogs-init.c:147)
05/02 10:17:38.522: [dbi] INFO: MongoDB URI: 'mongodb://172.22.0.2/open5gs' (../lib/dbi/ogs-mongoc.c:130)
05/02 10:17:38.611: [app] INFO: Polling freeDiameter stats every 60000000 usecs (../lib/diameter/common/stats.c:77)
05/02 10:17:38.611: [app] INFO: PCRF initialize...done (../src/pcrf/app-init.c:31)
05/02 10:17:38.613: [diam] INFO: CONNECTED TO 'smf.epc.mnc001.mcc001.3gppnetwork.org' (SCTP,soc#15): (../lib/diameter/common/logger.c:81)
Open5GS daemon v2.7.6-78-g47d0062

05/06 16:29:55.886: [app] INFO: Configuration: '/open5gs/install/etc/open5gs/pcrf.yaml' (../lib/app/ogs-init.c:144)
05/06 16:29:55.886: [app] INFO: File Logging: '/open5gs/install/var/log/open5gs/pcrf.log' (../lib/app/ogs-init.c:147)
05/06 16:29:55.889: [dbi] INFO: MongoDB URI: 'mongodb://172.22.0.2/open5gs' (../lib/dbi/ogs-mongoc.c:130)
05/06 16:29:55.918: [app] INFO: Polling freeDiameter stats every 60000000 usecs (../lib/diameter/common/stats.c:77)
05/06 16:29:55.918: [app] INFO: PCRF initialize...done (../src/pcrf/app-init.c:31)
05/06 16:29:55.920: [diam] INFO: CONNECTED TO 'smf.epc.mnc001.mcc001.3gppnetwork.org' (SCTP,soc#15): (../lib/diameter/common/logger.c:81)
05/07 12:14:15.953: [core] ERROR: epoll failed (4:Interrupted system call) (../lib/core/ogs-epoll.c:221)
Open5GS daemon v2.7.6-78-g47d0062

05/07 12:57:00.862: [app] INFO: Configuration: '/open5gs/install/etc/open5gs/pcrf.yaml' (../lib/app/ogs-init.c:144)
05/07 12:57:00.862: [app] INFO: File Logging: '/open5gs/install/var/log/open5gs/pcrf.log' (../lib/app/ogs-init.c:147)
05/07 12:57:00.864: [dbi] INFO: MongoDB URI: 'mongodb://172.22.0.2/open5gs' (../lib/dbi/ogs-mongoc.c:130)
05/07 12:57:00.922: [app] INFO: Polling freeDiameter stats every 60000000 usecs (../lib/diameter/common/stats.c:77)
05/07 12:57:00.922: [app] INFO: PCRF initialize...done (../src/pcrf/app-init.c:31)
05/07 12:57:00.924: [diam] INFO: CONNECTED TO 'smf.epc.mnc001.mcc001.3gppnetwork.org' (SCTP,soc#15): (../lib/diameter/common/logger.c:81)
Open5GS daemon v2.7.6-78-g47d0062

05/07 13:07:13.395: [app] INFO: Configuration: '/open5gs/install/etc/open5gs/pcrf.yaml' (../lib/app/ogs-init.c:144)
05/07 13:07:13.395: [app] INFO: File Logging: '/open5gs/install/var/log/open5gs/pcrf.log' (../lib/app/ogs-init.c:147)
05/07 13:07:13.396: [dbi] INFO: MongoDB URI: 'mongodb://172.22.0.2/open5gs' (../lib/dbi/ogs-mongoc.c:130)
05/07 13:07:13.418: [app] INFO: Polling freeDiameter stats every 60000000 usecs (../lib/diameter/common/stats.c:77)
05/07 13:07:13.418: [app] INFO: PCRF initialize...done (../src/pcrf/app-init.c:31)
05/07 13:07:13.419: [diam] INFO: CONNECTED TO 'smf.epc.mnc001.mcc001.3gppnetwork.org' (SCTP,soc#15): (../lib/diameter/common/logger.c:81)
