Open5GS daemon v2.7.6-78-g47d0062

04/28 15:13:47.841: [app] INFO: Configuration: '/open5gs/install/etc/open5gs/sgwc.yaml' (../lib/app/ogs-init.c:144)
04/28 15:13:47.841: [app] INFO: File Logging: '/open5gs/install/var/log/open5gs/sgwc.log' (../lib/app/ogs-init.c:147)
04/28 15:13:47.895: [gtp] INFO: gtp_server() [172.22.0.5]:2123 (../lib/gtp/path.c:30)
04/28 15:13:47.895: [pfcp] INFO: pfcp_server() [172.22.0.5]:8805 (../lib/pfcp/path.c:30)
04/28 15:13:47.895: [app] INFO: SGW-C initialize...done (../src/sgwc/app.c:31)
04/28 15:13:47.988: [sgwc] INFO: PFCP associated [172.22.0.6]:8805 (../src/sgwc/pfcp-sm.c:167)
04/28 15:13:50.398: [sgwc] WARNING: PFCP[RSP] has already been associated [172.22.0.6]:8805 (../src/sgwc/pfcp-sm.c:265)
04/28 15:14:22.658: [sgwc] INFO: [Added] Number of SGWC-UEs is now 1 (../src/sgwc/context.c:239)
04/28 15:14:22.658: [sgwc] INFO: [Added] Number of SGWC-Sessions is now 1 (../src/sgwc/context.c:946)
04/28 15:14:22.658: [sgwc] INFO: UE IMSI[001010000123512] APN[internet] (../src/sgwc/s11-handler.c:268)
04/28 15:14:22.659: [gtp] INFO: gtp_connect() [172.22.0.7]:2123 (../lib/gtp/path.c:60)
04/28 15:14:23.098: [sgwc] INFO: [Added] Number of SGWC-Sessions is now 2 (../src/sgwc/context.c:946)
04/28 15:14:23.098: [sgwc] INFO: UE IMSI[001010000123512] APN[ims] (../src/sgwc/s11-handler.c:268)
04/28 15:17:50.444: [sgwc] INFO: [Added] Number of SGWC-UEs is now 2 (../src/sgwc/context.c:239)
04/28 15:17:50.444: [sgwc] INFO: [Added] Number of SGWC-Sessions is now 3 (../src/sgwc/context.c:946)
04/28 15:17:50.444: [sgwc] INFO: UE IMSI[001010000123511] APN[internet] (../src/sgwc/s11-handler.c:268)
04/28 15:18:49.103: [sgwc] INFO: [Removed] Number of SGWC-Sessions is now 2 (../src/sgwc/context.c:952)
04/28 15:18:49.882: [sgwc] INFO: [Removed] Number of SGWC-UEs is now 1 (../src/sgwc/context.c:260)
04/28 15:18:49.882: [sgwc] INFO: [Added] Number of SGWC-UEs is now 2 (../src/sgwc/context.c:239)
04/28 15:18:49.882: [sgwc] INFO: [Added] Number of SGWC-Sessions is now 3 (../src/sgwc/context.c:946)
04/28 15:18:49.882: [sgwc] INFO: UE IMSI[001010000123511] APN[internet] (../src/sgwc/s11-handler.c:268)
04/28 15:18:59.103: [sgwc] INFO: [Removed] Number of SGWC-Sessions is now 2 (../src/sgwc/context.c:952)
04/28 15:19:38.681: [sgwc] INFO: [Removed] Number of SGWC-UEs is now 1 (../src/sgwc/context.c:260)
04/28 15:19:38.681: [sgwc] INFO: [Added] Number of SGWC-UEs is now 2 (../src/sgwc/context.c:239)
04/28 15:19:38.681: [sgwc] INFO: [Added] Number of SGWC-Sessions is now 3 (../src/sgwc/context.c:946)
04/28 15:19:38.681: [sgwc] INFO: UE IMSI[001010000123511] APN[internet] (../src/sgwc/s11-handler.c:268)
04/28 15:20:20.624: [sgwc] INFO: [Removed] Number of SGWC-Sessions is now 2 (../src/sgwc/context.c:952)
04/28 15:20:21.624: [sgwc] INFO: [Removed] Number of SGWC-Sessions is now 1 (../src/sgwc/context.c:952)
04/28 15:20:34.702: [sgwc] INFO: [Removed] Number of SGWC-UEs is now 1 (../src/sgwc/context.c:260)
04/28 15:20:34.702: [sgwc] INFO: [Added] Number of SGWC-UEs is now 2 (../src/sgwc/context.c:239)
04/28 15:20:34.702: [sgwc] INFO: [Added] Number of SGWC-Sessions is now 2 (../src/sgwc/context.c:946)
04/28 15:20:34.702: [sgwc] INFO: UE IMSI[001010000123512] APN[internet] (../src/sgwc/s11-handler.c:268)
04/28 15:20:35.662: [sgwc] INFO: [Added] Number of SGWC-Sessions is now 3 (../src/sgwc/context.c:946)
04/28 15:20:35.662: [sgwc] INFO: UE IMSI[001010000123512] APN[ims] (../src/sgwc/s11-handler.c:268)
04/28 15:20:59.823: [sgwc] INFO: [Removed] Number of SGWC-Sessions is now 2 (../src/sgwc/context.c:952)
04/28 15:21:00.028: [sgwc] INFO: [Removed] Number of SGWC-Sessions is now 1 (../src/sgwc/context.c:952)
04/28 15:21:01.282: [sgwc] INFO: [Removed] Number of SGWC-UEs is now 1 (../src/sgwc/context.c:260)
04/28 15:21:01.282: [sgwc] INFO: [Added] Number of SGWC-UEs is now 2 (../src/sgwc/context.c:239)
04/28 15:21:01.282: [sgwc] INFO: [Added] Number of SGWC-Sessions is now 2 (../src/sgwc/context.c:946)
04/28 15:21:01.282: [sgwc] INFO: UE IMSI[001010000123512] APN[internet] (../src/sgwc/s11-handler.c:268)
04/28 15:21:02.062: [sgwc] INFO: [Added] Number of SGWC-Sessions is now 3 (../src/sgwc/context.c:946)
04/28 15:21:02.062: [sgwc] INFO: UE IMSI[001010000123512] APN[ims] (../src/sgwc/s11-handler.c:268)
04/28 15:23:34.103: [sgwc] INFO: [Removed] Number of SGWC-Sessions is now 2 (../src/sgwc/context.c:952)
04/28 15:23:34.681: [sgwc] INFO: [Removed] Number of SGWC-UEs is now 1 (../src/sgwc/context.c:260)
04/28 15:23:34.681: [sgwc] INFO: [Added] Number of SGWC-UEs is now 2 (../src/sgwc/context.c:239)
04/28 15:23:34.681: [sgwc] INFO: [Added] Number of SGWC-Sessions is now 3 (../src/sgwc/context.c:946)
04/28 15:23:34.681: [sgwc] INFO: UE IMSI[001010000123511] APN[internet] (../src/sgwc/s11-handler.c:268)
04/28 15:32:22.651: [sgwc] INFO: [Removed] Number of SGWC-Sessions is now 2 (../src/sgwc/context.c:952)
04/28 15:32:23.603: [sgwc] INFO: [Removed] Number of SGWC-Sessions is now 1 (../src/sgwc/context.c:952)
04/28 15:32:30.122: [sgwc] INFO: [Removed] Number of SGWC-Sessions is now 0 (../src/sgwc/context.c:952)
04/28 15:33:03.978: [sgwc] INFO: [Removed] Number of SGWC-UEs is now 1 (../src/sgwc/context.c:260)
04/28 15:33:03.978: [sgwc] INFO: [Added] Number of SGWC-UEs is now 2 (../src/sgwc/context.c:239)
04/28 15:33:03.978: [sgwc] INFO: [Added] Number of SGWC-Sessions is now 1 (../src/sgwc/context.c:946)
04/28 15:33:03.978: [sgwc] INFO: UE IMSI[001010000123512] APN[internet] (../src/sgwc/s11-handler.c:268)
04/28 15:33:04.418: [sgwc] INFO: [Added] Number of SGWC-Sessions is now 2 (../src/sgwc/context.c:946)
04/28 15:33:04.418: [sgwc] INFO: UE IMSI[001010000123512] APN[ims] (../src/sgwc/s11-handler.c:268)
04/28 15:35:26.176: [sgwc] INFO: [Removed] Number of SGWC-UEs is now 1 (../src/sgwc/context.c:260)
04/28 15:35:26.176: [sgwc] INFO: [Added] Number of SGWC-UEs is now 2 (../src/sgwc/context.c:239)
04/28 15:35:26.176: [sgwc] INFO: [Added] Number of SGWC-Sessions is now 3 (../src/sgwc/context.c:946)
04/28 15:35:26.176: [sgwc] INFO: UE IMSI[001010000123511] APN[internet] (../src/sgwc/s11-handler.c:268)
04/28 15:35:26.856: [sgwc] INFO: [Added] Number of SGWC-Sessions is now 4 (../src/sgwc/context.c:946)
04/28 15:35:26.856: [sgwc] INFO: UE IMSI[001010000123511] APN[ims] (../src/sgwc/s11-handler.c:268)
04/28 15:37:27.564: [sgwc] INFO: [Removed] Number of SGWC-Sessions is now 3 (../src/sgwc/context.c:952)
04/28 15:37:28.414: [sgwc] INFO: [Added] Number of SGWC-Sessions is now 4 (../src/sgwc/context.c:946)
04/28 15:37:28.414: [sgwc] INFO: UE IMSI[001010000123511] APN[ims] (../src/sgwc/s11-handler.c:268)
04/28 15:37:36.576: [sgwc] INFO: [Removed] Number of SGWC-Sessions is now 3 (../src/sgwc/context.c:952)
04/28 15:37:36.576: [sgwc] INFO: [Removed] Number of SGWC-Sessions is now 2 (../src/sgwc/context.c:952)
04/28 15:38:32.457: [sgwc] INFO: [Removed] Number of SGWC-UEs is now 1 (../src/sgwc/context.c:260)
04/28 15:38:32.457: [sgwc] INFO: [Added] Number of SGWC-UEs is now 2 (../src/sgwc/context.c:239)
04/28 15:38:32.457: [sgwc] INFO: [Added] Number of SGWC-Sessions is now 3 (../src/sgwc/context.c:946)
04/28 15:38:32.457: [sgwc] INFO: UE IMSI[001010000123511] APN[internet] (../src/sgwc/s11-handler.c:268)
04/28 15:38:33.253: [sgwc] INFO: [Added] Number of SGWC-Sessions is now 4 (../src/sgwc/context.c:946)
04/28 15:38:33.254: [sgwc] INFO: UE IMSI[001010000123511] APN[ims] (../src/sgwc/s11-handler.c:268)
04/28 15:40:11.416: [sgwc] INFO: [Removed] Number of SGWC-Sessions is now 3 (../src/sgwc/context.c:952)
04/28 15:40:14.574: [sgwc] INFO: [Added] Number of SGWC-Sessions is now 4 (../src/sgwc/context.c:946)
04/28 15:40:14.574: [sgwc] INFO: UE IMSI[001010000123511] APN[ims] (../src/sgwc/s11-handler.c:268)
04/28 15:40:30.156: [sgwc] INFO: [Removed] Number of SGWC-Sessions is now 3 (../src/sgwc/context.c:952)
04/28 15:40:30.364: [sgwc] INFO: [Removed] Number of SGWC-Sessions is now 2 (../src/sgwc/context.c:952)
04/28 15:40:30.618: [sgwc] INFO: [Removed] Number of SGWC-UEs is now 1 (../src/sgwc/context.c:260)
04/28 15:40:30.618: [sgwc] INFO: [Added] Number of SGWC-UEs is now 2 (../src/sgwc/context.c:239)
04/28 15:40:30.618: [sgwc] INFO: [Added] Number of SGWC-Sessions is now 3 (../src/sgwc/context.c:946)
04/28 15:40:30.618: [sgwc] INFO: UE IMSI[001010000123511] APN[internet] (../src/sgwc/s11-handler.c:268)
04/28 15:40:31.474: [sgwc] INFO: [Added] Number of SGWC-Sessions is now 4 (../src/sgwc/context.c:946)
04/28 15:40:31.474: [sgwc] INFO: UE IMSI[001010000123511] APN[ims] (../src/sgwc/s11-handler.c:268)
04/28 15:40:33.197: [sgwc] INFO: [Removed] Number of SGWC-Sessions is now 3 (../src/sgwc/context.c:952)
04/28 15:40:33.197: [sgwc] INFO: [Removed] Number of SGWC-Sessions is now 2 (../src/sgwc/context.c:952)
04/28 15:40:40.914: [sgwc] INFO: [Removed] Number of SGWC-UEs is now 1 (../src/sgwc/context.c:260)
04/28 15:40:40.914: [sgwc] INFO: [Added] Number of SGWC-UEs is now 2 (../src/sgwc/context.c:239)
04/28 15:40:40.914: [sgwc] INFO: [Added] Number of SGWC-Sessions is now 3 (../src/sgwc/context.c:946)
04/28 15:40:40.914: [sgwc] INFO: UE IMSI[001010000123511] APN[internet] (../src/sgwc/s11-handler.c:268)
04/28 15:40:41.674: [sgwc] INFO: [Added] Number of SGWC-Sessions is now 4 (../src/sgwc/context.c:946)
04/28 15:40:41.674: [sgwc] INFO: UE IMSI[001010000123511] APN[ims] (../src/sgwc/s11-handler.c:268)
04/28 15:41:08.817: [sgwc] INFO: [Removed] Number of SGWC-Sessions is now 3 (../src/sgwc/context.c:952)
04/28 15:41:08.817: [sgwc] INFO: [Removed] Number of SGWC-Sessions is now 2 (../src/sgwc/context.c:952)
04/28 15:41:17.714: [sgwc] INFO: [Removed] Number of SGWC-UEs is now 1 (../src/sgwc/context.c:260)
04/28 15:41:17.714: [sgwc] INFO: [Added] Number of SGWC-UEs is now 2 (../src/sgwc/context.c:239)
04/28 15:41:17.714: [sgwc] INFO: [Added] Number of SGWC-Sessions is now 3 (../src/sgwc/context.c:946)
04/28 15:41:17.714: [sgwc] INFO: UE IMSI[001010000123511] APN[internet] (../src/sgwc/s11-handler.c:268)
04/28 15:41:18.274: [sgwc] INFO: [Added] Number of SGWC-Sessions is now 4 (../src/sgwc/context.c:946)
04/28 15:41:18.274: [sgwc] INFO: UE IMSI[001010000123511] APN[ims] (../src/sgwc/s11-handler.c:268)
04/28 15:42:46.077: [sgwc] INFO: [Removed] Number of SGWC-Sessions is now 3 (../src/sgwc/context.c:952)
04/28 15:42:46.077: [sgwc] INFO: [Removed] Number of SGWC-Sessions is now 2 (../src/sgwc/context.c:952)
04/28 15:43:21.959: [sgwc] INFO: [Removed] Number of SGWC-UEs is now 1 (../src/sgwc/context.c:260)
04/28 15:43:21.959: [sgwc] INFO: [Added] Number of SGWC-UEs is now 2 (../src/sgwc/context.c:239)
04/28 15:43:21.959: [sgwc] INFO: [Added] Number of SGWC-Sessions is now 3 (../src/sgwc/context.c:946)
04/28 15:43:21.959: [sgwc] INFO: UE IMSI[001010000123511] APN[internet] (../src/sgwc/s11-handler.c:268)
04/28 15:43:22.258: [sgwc] INFO: [Added] Number of SGWC-Sessions is now 4 (../src/sgwc/context.c:946)
04/28 15:43:22.258: [sgwc] INFO: UE IMSI[001010000123511] APN[ims] (../src/sgwc/s11-handler.c:268)
04/28 15:47:49.913: [sgwc] WARNING: GTP Cause [Value:90] - PFCP_CAUSE[77] (../src/sgwc/s11-handler.c:1350)
04/28 15:47:50.202: [sgwc] WARNING: GTP Cause [Value:90] - PFCP_CAUSE[77] (../src/sgwc/s11-handler.c:1350)
04/28 15:47:51.412: [gtp] WARNING: [56] LOCAL  No Reponse. Give up! for step 1 type 176 peer [172.22.0.9]:2123 (../lib/gtp/xact.c:784)
04/28 15:47:51.412: [sgwc] WARNING: [001010000123512] No Downlink Data Notification ACK (../src/sgwc/gtp-path.c:172)
Open5GS daemon v2.7.6-78-g47d0062

04/30 08:30:57.434: [app] INFO: Configuration: '/open5gs/install/etc/open5gs/sgwc.yaml' (../lib/app/ogs-init.c:144)
04/30 08:30:57.434: [app] INFO: File Logging: '/open5gs/install/var/log/open5gs/sgwc.log' (../lib/app/ogs-init.c:147)
04/30 08:30:57.484: [gtp] INFO: gtp_server() [172.22.0.5]:2123 (../lib/gtp/path.c:30)
04/30 08:30:57.484: [pfcp] INFO: pfcp_server() [172.22.0.5]:8805 (../lib/pfcp/path.c:30)
04/30 08:30:57.485: [app] INFO: SGW-C initialize...done (../src/sgwc/app.c:31)
04/30 08:30:57.542: [sgwc] INFO: PFCP associated [172.22.0.6]:8805 (../src/sgwc/pfcp-sm.c:167)
04/30 08:30:59.988: [sgwc] WARNING: PFCP[RSP] has already been associated [172.22.0.6]:8805 (../src/sgwc/pfcp-sm.c:265)
04/30 08:35:01.249: [sgwc] INFO: [Added] Number of SGWC-UEs is now 1 (../src/sgwc/context.c:239)
04/30 08:35:01.249: [sgwc] INFO: [Added] Number of SGWC-Sessions is now 1 (../src/sgwc/context.c:946)
04/30 08:35:01.249: [sgwc] INFO: UE IMSI[001010000123528] APN[internet] (../src/sgwc/s11-handler.c:268)
04/30 08:35:01.249: [gtp] INFO: gtp_connect() [172.22.0.7]:2123 (../lib/gtp/path.c:60)
04/30 08:35:01.511: [sgwc] INFO: [Added] Number of SGWC-Sessions is now 2 (../src/sgwc/context.c:946)
04/30 08:35:01.511: [sgwc] INFO: UE IMSI[001010000123528] APN[ims] (../src/sgwc/s11-handler.c:268)
04/30 08:35:01.928: [sgwc] INFO: [Removed] Number of SGWC-Sessions is now 1 (../src/sgwc/context.c:952)
04/30 08:36:13.271: [sgwc] INFO: [Added] Number of SGWC-UEs is now 2 (../src/sgwc/context.c:239)
04/30 08:36:13.271: [sgwc] INFO: [Added] Number of SGWC-Sessions is now 2 (../src/sgwc/context.c:946)
04/30 08:36:13.271: [sgwc] INFO: UE IMSI[001010000123542] APN[internet] (../src/sgwc/s11-handler.c:268)
04/30 08:36:13.669: [sgwc] INFO: [Added] Number of SGWC-Sessions is now 3 (../src/sgwc/context.c:946)
04/30 08:36:13.669: [sgwc] INFO: UE IMSI[001010000123542] APN[ims] (../src/sgwc/s11-handler.c:268)
04/30 08:36:44.711: [sgwc] INFO: [Removed] Number of SGWC-Sessions is now 2 (../src/sgwc/context.c:952)
04/30 09:48:34.945: [core] ERROR: epoll failed (4:Interrupted system call) (../lib/core/ogs-epoll.c:221)
Open5GS daemon v2.7.6-78-g47d0062

05/02 07:51:18.109: [app] INFO: Configuration: '/open5gs/install/etc/open5gs/sgwc.yaml' (../lib/app/ogs-init.c:144)
05/02 07:51:18.109: [app] INFO: File Logging: '/open5gs/install/var/log/open5gs/sgwc.log' (../lib/app/ogs-init.c:147)
05/02 07:51:18.159: [gtp] INFO: gtp_server() [172.22.0.5]:2123 (../lib/gtp/path.c:30)
05/02 07:51:18.159: [pfcp] INFO: pfcp_server() [172.22.0.5]:8805 (../lib/pfcp/path.c:30)
05/02 07:51:18.159: [app] INFO: SGW-C initialize...done (../src/sgwc/app.c:31)
05/02 07:51:18.248: [sgwc] INFO: PFCP associated [172.22.0.6]:8805 (../src/sgwc/pfcp-sm.c:167)
05/02 07:51:20.663: [sgwc] WARNING: PFCP[RSP] has already been associated [172.22.0.6]:8805 (../src/sgwc/pfcp-sm.c:265)
05/02 07:53:18.908: [sgwc] INFO: [Added] Number of SGWC-UEs is now 1 (../src/sgwc/context.c:239)
05/02 07:53:18.908: [sgwc] INFO: [Added] Number of SGWC-Sessions is now 1 (../src/sgwc/context.c:946)
05/02 07:53:18.908: [sgwc] INFO: UE IMSI[001010000123528] APN[internet] (../src/sgwc/s11-handler.c:268)
05/02 07:53:18.908: [gtp] INFO: gtp_connect() [172.22.0.7]:2123 (../lib/gtp/path.c:60)
05/02 07:53:19.167: [sgwc] INFO: [Added] Number of SGWC-Sessions is now 2 (../src/sgwc/context.c:946)
05/02 07:53:19.167: [sgwc] INFO: UE IMSI[001010000123528] APN[ims] (../src/sgwc/s11-handler.c:268)
05/02 07:53:19.584: [sgwc] INFO: [Removed] Number of SGWC-Sessions is now 1 (../src/sgwc/context.c:952)
05/02 07:53:26.790: [sgwc] INFO: [Added] Number of SGWC-UEs is now 2 (../src/sgwc/context.c:239)
05/02 07:53:26.790: [sgwc] INFO: [Added] Number of SGWC-Sessions is now 2 (../src/sgwc/context.c:946)
05/02 07:53:26.790: [sgwc] INFO: UE IMSI[001010000123542] APN[internet] (../src/sgwc/s11-handler.c:268)
05/02 07:54:09.589: [sgwc] INFO: [Removed] Number of SGWC-Sessions is now 1 (../src/sgwc/context.c:952)
05/02 07:54:10.348: [sgwc] INFO: [Removed] Number of SGWC-UEs is now 1 (../src/sgwc/context.c:260)
05/02 07:54:10.348: [sgwc] INFO: [Added] Number of SGWC-UEs is now 2 (../src/sgwc/context.c:239)
05/02 07:54:10.348: [sgwc] INFO: [Added] Number of SGWC-Sessions is now 2 (../src/sgwc/context.c:946)
05/02 07:54:10.348: [sgwc] INFO: UE IMSI[001010000123542] APN[internet] (../src/sgwc/s11-handler.c:268)
05/02 08:03:46.982: [sgwc] INFO: [Removed] Number of SGWC-Sessions is now 1 (../src/sgwc/context.c:952)
05/02 08:03:57.506: [sgwc] INFO: [Removed] Number of SGWC-Sessions is now 0 (../src/sgwc/context.c:952)
05/02 08:07:27.612: [sgwc] INFO: [Removed] Number of SGWC-UEs is now 1 (../src/sgwc/context.c:260)
05/02 08:07:27.612: [sgwc] INFO: [Added] Number of SGWC-UEs is now 2 (../src/sgwc/context.c:239)
05/02 08:07:27.612: [sgwc] INFO: [Added] Number of SGWC-Sessions is now 1 (../src/sgwc/context.c:946)
05/02 08:07:27.612: [sgwc] INFO: UE IMSI[001010000123528] APN[internet] (../src/sgwc/s11-handler.c:268)
05/02 08:07:27.879: [sgwc] INFO: [Added] Number of SGWC-Sessions is now 2 (../src/sgwc/context.c:946)
05/02 08:07:27.879: [sgwc] INFO: UE IMSI[001010000123528] APN[ims] (../src/sgwc/s11-handler.c:268)
05/02 08:09:09.714: [sgwc] INFO: [Removed] Number of SGWC-UEs is now 1 (../src/sgwc/context.c:260)
05/02 08:09:09.714: [sgwc] INFO: [Added] Number of SGWC-UEs is now 2 (../src/sgwc/context.c:239)
05/02 08:09:09.714: [sgwc] INFO: [Added] Number of SGWC-Sessions is now 3 (../src/sgwc/context.c:946)
05/02 08:09:09.714: [sgwc] INFO: UE IMSI[001010000123542] APN[internet] (../src/sgwc/s11-handler.c:268)
05/02 08:09:23.815: [sgwc] INFO: [Removed] Number of SGWC-Sessions is now 2 (../src/sgwc/context.c:952)
05/02 08:09:24.594: [sgwc] INFO: [Removed] Number of SGWC-UEs is now 1 (../src/sgwc/context.c:260)
05/02 08:09:24.594: [sgwc] INFO: [Added] Number of SGWC-UEs is now 2 (../src/sgwc/context.c:239)
05/02 08:09:24.594: [sgwc] INFO: [Added] Number of SGWC-Sessions is now 3 (../src/sgwc/context.c:946)
05/02 08:09:24.594: [sgwc] INFO: UE IMSI[001010000123542] APN[internet] (../src/sgwc/s11-handler.c:268)
05/02 08:09:31.454: [sgwc] INFO: [Removed] Number of SGWC-Sessions is now 2 (../src/sgwc/context.c:952)
05/02 08:09:31.454: [sgwc] INFO: [Removed] Number of SGWC-Sessions is now 1 (../src/sgwc/context.c:952)
05/02 08:09:38.652: [sgwc] INFO: [Removed] Number of SGWC-UEs is now 1 (../src/sgwc/context.c:260)
05/02 08:09:38.652: [sgwc] INFO: [Added] Number of SGWC-UEs is now 2 (../src/sgwc/context.c:239)
05/02 08:09:38.652: [sgwc] INFO: [Added] Number of SGWC-Sessions is now 2 (../src/sgwc/context.c:946)
05/02 08:09:38.652: [sgwc] INFO: UE IMSI[001010000123528] APN[internet] (../src/sgwc/s11-handler.c:268)
05/02 08:09:38.935: [sgwc] INFO: [Added] Number of SGWC-Sessions is now 3 (../src/sgwc/context.c:946)
05/02 08:09:38.935: [sgwc] INFO: UE IMSI[001010000123528] APN[ims] (../src/sgwc/s11-handler.c:268)
05/02 08:14:59.920: [sgwc] INFO: [Removed] Number of SGWC-Sessions is now 2 (../src/sgwc/context.c:952)
05/02 08:19:17.438: [sgwc] INFO: [Removed] Number of SGWC-Sessions is now 1 (../src/sgwc/context.c:952)
05/02 08:19:17.438: [sgwc] INFO: [Removed] Number of SGWC-Sessions is now 0 (../src/sgwc/context.c:952)
05/02 08:21:11.793: [sgwc] INFO: [Removed] Number of SGWC-UEs is now 1 (../src/sgwc/context.c:260)
05/02 08:21:11.793: [sgwc] INFO: [Added] Number of SGWC-UEs is now 2 (../src/sgwc/context.c:239)
05/02 08:21:11.793: [sgwc] INFO: [Added] Number of SGWC-Sessions is now 1 (../src/sgwc/context.c:946)
05/02 08:21:11.793: [sgwc] INFO: UE IMSI[001010000123542] APN[internet] (../src/sgwc/s11-handler.c:268)
05/02 08:21:12.633: [sgwc] INFO: [Added] Number of SGWC-Sessions is now 2 (../src/sgwc/context.c:946)
05/02 08:21:12.633: [sgwc] INFO: UE IMSI[001010000123542] APN[ims] (../src/sgwc/s11-handler.c:268)
05/02 08:21:13.795: [sgwc] INFO: [Removed] Number of SGWC-Sessions is now 1 (../src/sgwc/context.c:952)
05/02 08:21:13.795: [sgwc] INFO: [Removed] Number of SGWC-Sessions is now 0 (../src/sgwc/context.c:952)
05/02 08:21:37.053: [sgwc] INFO: [Removed] Number of SGWC-UEs is now 1 (../src/sgwc/context.c:260)
05/02 08:21:37.053: [sgwc] INFO: [Added] Number of SGWC-UEs is now 2 (../src/sgwc/context.c:239)
05/02 08:21:37.053: [sgwc] INFO: [Added] Number of SGWC-Sessions is now 1 (../src/sgwc/context.c:946)
05/02 08:21:37.053: [sgwc] INFO: UE IMSI[001010000123528] APN[internet] (../src/sgwc/s11-handler.c:268)
05/02 08:21:37.319: [sgwc] INFO: [Added] Number of SGWC-Sessions is now 2 (../src/sgwc/context.c:946)
05/02 08:21:37.319: [sgwc] INFO: UE IMSI[001010000123528] APN[ims] (../src/sgwc/s11-handler.c:268)
05/02 08:21:52.274: [sgwc] INFO: [Removed] Number of SGWC-UEs is now 1 (../src/sgwc/context.c:260)
05/02 08:21:52.274: [sgwc] INFO: [Added] Number of SGWC-UEs is now 2 (../src/sgwc/context.c:239)
05/02 08:21:52.274: [sgwc] INFO: [Added] Number of SGWC-Sessions is now 3 (../src/sgwc/context.c:946)
05/02 08:21:52.274: [sgwc] INFO: UE IMSI[001010000123542] APN[internet] (../src/sgwc/s11-handler.c:268)
05/02 08:21:52.984: [sgwc] INFO: [Added] Number of SGWC-Sessions is now 4 (../src/sgwc/context.c:946)
05/02 08:21:52.984: [sgwc] INFO: UE IMSI[001010000123542] APN[ims] (../src/sgwc/s11-handler.c:268)
05/02 08:22:03.354: [sgwc] INFO: [Removed] Number of SGWC-Sessions is now 3 (../src/sgwc/context.c:952)
05/02 08:22:03.355: [sgwc] INFO: [Removed] Number of SGWC-Sessions is now 2 (../src/sgwc/context.c:952)
05/02 08:22:20.916: [sgwc] INFO: [Removed] Number of SGWC-Sessions is now 1 (../src/sgwc/context.c:952)
05/02 08:22:20.916: [sgwc] INFO: [Removed] Number of SGWC-Sessions is now 0 (../src/sgwc/context.c:952)
05/02 08:23:04.572: [sgwc] INFO: [Removed] Number of SGWC-UEs is now 1 (../src/sgwc/context.c:260)
05/02 08:23:04.572: [sgwc] INFO: [Added] Number of SGWC-UEs is now 2 (../src/sgwc/context.c:239)
05/02 08:23:04.572: [sgwc] INFO: [Added] Number of SGWC-Sessions is now 1 (../src/sgwc/context.c:946)
05/02 08:23:04.572: [sgwc] INFO: UE IMSI[001010000123542] APN[internet] (../src/sgwc/s11-handler.c:268)
05/02 08:23:04.839: [sgwc] INFO: [Added] Number of SGWC-Sessions is now 2 (../src/sgwc/context.c:946)
05/02 08:23:04.839: [sgwc] INFO: UE IMSI[001010000123542] APN[ims] (../src/sgwc/s11-handler.c:268)
05/02 08:23:29.813: [sgwc] INFO: [Removed] Number of SGWC-UEs is now 1 (../src/sgwc/context.c:260)
05/02 08:23:29.813: [sgwc] INFO: [Added] Number of SGWC-UEs is now 2 (../src/sgwc/context.c:239)
05/02 08:23:29.813: [sgwc] INFO: [Added] Number of SGWC-Sessions is now 3 (../src/sgwc/context.c:946)
05/02 08:23:29.813: [sgwc] INFO: UE IMSI[001010000123528] APN[internet] (../src/sgwc/s11-handler.c:268)
05/02 08:23:31.273: [sgwc] INFO: [Added] Number of SGWC-Sessions is now 4 (../src/sgwc/context.c:946)
05/02 08:23:31.273: [sgwc] INFO: UE IMSI[001010000123528] APN[ims] (../src/sgwc/s11-handler.c:268)
05/02 08:26:33.093: [sgwc] INFO: [Removed] Number of SGWC-Sessions is now 3 (../src/sgwc/context.c:952)
05/02 08:26:34.351: [sgwc] INFO: [Added] Number of SGWC-Sessions is now 4 (../src/sgwc/context.c:946)
05/02 08:26:34.352: [sgwc] INFO: UE IMSI[001010000123528] APN[ims] (../src/sgwc/s11-handler.c:268)
05/02 08:28:38.812: [sgwc] INFO: [Removed] Number of SGWC-Sessions is now 3 (../src/sgwc/context.c:952)
05/02 08:28:38.812: [sgwc] INFO: [Removed] Number of SGWC-Sessions is now 2 (../src/sgwc/context.c:952)
05/02 08:28:41.228: [sgwc] INFO: [Removed] Number of SGWC-UEs is now 1 (../src/sgwc/context.c:260)
05/02 08:28:41.228: [sgwc] INFO: [Added] Number of SGWC-UEs is now 2 (../src/sgwc/context.c:239)
05/02 08:28:41.228: [sgwc] INFO: [Added] Number of SGWC-Sessions is now 3 (../src/sgwc/context.c:946)
05/02 08:28:41.228: [sgwc] INFO: UE IMSI[001010000123528] APN[internet] (../src/sgwc/s11-handler.c:268)
05/02 08:28:41.728: [sgwc] INFO: [Added] Number of SGWC-Sessions is now 4 (../src/sgwc/context.c:946)
05/02 08:28:41.728: [sgwc] INFO: UE IMSI[001010000123528] APN[ims] (../src/sgwc/s11-handler.c:268)
05/02 08:29:02.902: [sgwc] INFO: [Removed] Number of SGWC-Sessions is now 3 (../src/sgwc/context.c:952)
05/02 08:29:02.902: [sgwc] INFO: [Removed] Number of SGWC-Sessions is now 2 (../src/sgwc/context.c:952)
05/02 08:30:14.987: [sgwc] INFO: [Removed] Number of SGWC-UEs is now 1 (../src/sgwc/context.c:260)
05/02 08:30:14.987: [sgwc] INFO: [Added] Number of SGWC-UEs is now 2 (../src/sgwc/context.c:239)
05/02 08:30:14.987: [sgwc] INFO: [Added] Number of SGWC-Sessions is now 3 (../src/sgwc/context.c:946)
05/02 08:30:14.987: [sgwc] INFO: UE IMSI[001010000123528] APN[internet] (../src/sgwc/s11-handler.c:268)
05/02 08:30:16.988: [sgwc] INFO: [Added] Number of SGWC-Sessions is now 4 (../src/sgwc/context.c:946)
05/02 08:30:16.988: [sgwc] INFO: UE IMSI[001010000123528] APN[ims] (../src/sgwc/s11-handler.c:268)
05/02 08:30:24.649: [sgwc] INFO: [Removed] Number of SGWC-Sessions is now 3 (../src/sgwc/context.c:952)
05/02 08:30:29.647: [sgwc] INFO: [Added] Number of SGWC-Sessions is now 4 (../src/sgwc/context.c:946)
05/02 08:30:29.647: [sgwc] INFO: UE IMSI[001010000123528] APN[internet] (../src/sgwc/s11-handler.c:268)
05/02 08:30:46.030: [sgwc] INFO: [Removed] Number of SGWC-Sessions is now 3 (../src/sgwc/context.c:952)
05/02 08:30:46.030: [sgwc] INFO: [Removed] Number of SGWC-Sessions is now 2 (../src/sgwc/context.c:952)
05/02 08:30:52.249: [sgwc] INFO: [Removed] Number of SGWC-UEs is now 1 (../src/sgwc/context.c:260)
05/02 08:30:52.249: [sgwc] INFO: [Added] Number of SGWC-UEs is now 2 (../src/sgwc/context.c:239)
05/02 08:30:52.249: [sgwc] INFO: [Added] Number of SGWC-Sessions is now 3 (../src/sgwc/context.c:946)
05/02 08:30:52.249: [sgwc] INFO: UE IMSI[001010000123542] APN[internet] (../src/sgwc/s11-handler.c:268)
05/02 08:30:52.511: [sgwc] INFO: [Added] Number of SGWC-Sessions is now 4 (../src/sgwc/context.c:946)
05/02 08:30:52.511: [sgwc] INFO: UE IMSI[001010000123542] APN[ims] (../src/sgwc/s11-handler.c:268)
05/02 08:31:14.329: [sgwc] INFO: [Removed] Number of SGWC-Sessions is now 3 (../src/sgwc/context.c:952)
05/02 08:31:14.329: [sgwc] INFO: [Removed] Number of SGWC-Sessions is now 2 (../src/sgwc/context.c:952)
05/02 08:31:30.431: [sgwc] INFO: [Removed] Number of SGWC-Sessions is now 1 (../src/sgwc/context.c:952)
05/02 08:31:30.431: [sgwc] INFO: [Removed] Number of SGWC-Sessions is now 0 (../src/sgwc/context.c:952)
05/02 08:33:17.566: [sgwc] INFO: [Removed] Number of SGWC-UEs is now 1 (../src/sgwc/context.c:260)
05/02 08:33:17.566: [sgwc] INFO: [Added] Number of SGWC-UEs is now 2 (../src/sgwc/context.c:239)
05/02 08:33:17.566: [sgwc] INFO: [Added] Number of SGWC-Sessions is now 1 (../src/sgwc/context.c:946)
05/02 08:33:17.566: [sgwc] INFO: UE IMSI[001010000123528] APN[internet] (../src/sgwc/s11-handler.c:268)
05/02 08:33:18.826: [sgwc] INFO: [Added] Number of SGWC-Sessions is now 2 (../src/sgwc/context.c:946)
05/02 08:33:18.826: [sgwc] INFO: UE IMSI[001010000123528] APN[ims] (../src/sgwc/s11-handler.c:268)
05/02 08:36:03.128: [sgwc] INFO: [Removed] Number of SGWC-UEs is now 1 (../src/sgwc/context.c:260)
05/02 08:36:03.128: [sgwc] INFO: [Added] Number of SGWC-UEs is now 2 (../src/sgwc/context.c:239)
05/02 08:36:03.128: [sgwc] INFO: [Added] Number of SGWC-Sessions is now 3 (../src/sgwc/context.c:946)
05/02 08:36:03.128: [sgwc] INFO: UE IMSI[001010000123542] APN[internet] (../src/sgwc/s11-handler.c:268)
05/02 08:36:03.391: [sgwc] INFO: [Added] Number of SGWC-Sessions is now 4 (../src/sgwc/context.c:946)
05/02 08:36:03.391: [sgwc] INFO: UE IMSI[001010000123542] APN[ims] (../src/sgwc/s11-handler.c:268)
05/02 09:46:22.087: [sgwc] INFO: [Removed] Number of SGWC-Sessions is now 3 (../src/sgwc/context.c:952)
05/02 09:46:24.227: [sgwc] INFO: [Removed] Number of SGWC-Sessions is now 2 (../src/sgwc/context.c:952)
05/02 09:46:27.265: [sgwc] INFO: [Removed] Number of SGWC-UEs is now 1 (../src/sgwc/context.c:260)
05/02 09:46:27.265: [sgwc] INFO: [Added] Number of SGWC-UEs is now 2 (../src/sgwc/context.c:239)
05/02 09:46:27.265: [sgwc] INFO: [Added] Number of SGWC-Sessions is now 3 (../src/sgwc/context.c:946)
05/02 09:46:27.265: [sgwc] INFO: UE IMSI[001010000123528] APN[internet] (../src/sgwc/s11-handler.c:268)
05/02 09:46:27.665: [sgwc] INFO: [Added] Number of SGWC-Sessions is now 4 (../src/sgwc/context.c:946)
05/02 09:46:27.665: [sgwc] INFO: UE IMSI[001010000123528] APN[ims] (../src/sgwc/s11-handler.c:268)
05/02 10:05:09.309: [sgwc] INFO: [Removed] Number of SGWC-Sessions is now 3 (../src/sgwc/context.c:952)
Open5GS daemon v2.7.6-78-g47d0062

05/02 10:17:28.443: [app] INFO: Configuration: '/open5gs/install/etc/open5gs/sgwc.yaml' (../lib/app/ogs-init.c:144)
05/02 10:17:28.443: [app] INFO: File Logging: '/open5gs/install/var/log/open5gs/sgwc.log' (../lib/app/ogs-init.c:147)
05/02 10:17:28.515: [gtp] INFO: gtp_server() [172.22.0.5]:2123 (../lib/gtp/path.c:30)
05/02 10:17:28.515: [pfcp] INFO: pfcp_server() [172.22.0.5]:8805 (../lib/pfcp/path.c:30)
05/02 10:17:28.515: [app] INFO: SGW-C initialize...done (../src/sgwc/app.c:31)
05/02 10:17:28.625: [sgwc] INFO: PFCP associated [172.22.0.6]:8805 (../src/sgwc/pfcp-sm.c:167)
05/02 10:17:31.018: [sgwc] WARNING: PFCP[RSP] has already been associated [172.22.0.6]:8805 (../src/sgwc/pfcp-sm.c:265)
05/02 10:18:32.192: [sgwc] INFO: [Added] Number of SGWC-UEs is now 1 (../src/sgwc/context.c:239)
05/02 10:18:32.193: [sgwc] INFO: [Added] Number of SGWC-Sessions is now 1 (../src/sgwc/context.c:946)
05/02 10:18:32.193: [sgwc] INFO: UE IMSI[001010000123528] APN[internet] (../src/sgwc/s11-handler.c:268)
05/02 10:18:32.193: [gtp] INFO: gtp_connect() [172.22.0.7]:2123 (../lib/gtp/path.c:60)
05/02 10:20:46.495: [sgwc] INFO: [Added] Number of SGWC-Sessions is now 2 (../src/sgwc/context.c:946)
05/02 10:20:46.495: [sgwc] INFO: UE IMSI[001010000123528] APN[ims] (../src/sgwc/s11-handler.c:268)
05/02 10:20:52.835: [sgwc] INFO: [Added] Number of SGWC-UEs is now 2 (../src/sgwc/context.c:239)
05/02 10:20:52.835: [sgwc] INFO: [Added] Number of SGWC-Sessions is now 3 (../src/sgwc/context.c:946)
05/02 10:20:52.835: [sgwc] INFO: UE IMSI[001010000123542] APN[internet] (../src/sgwc/s11-handler.c:268)
05/02 10:20:53.095: [sgwc] INFO: [Added] Number of SGWC-Sessions is now 4 (../src/sgwc/context.c:946)
05/02 10:20:53.095: [sgwc] INFO: UE IMSI[001010000123542] APN[ims] (../src/sgwc/s11-handler.c:268)
05/02 10:21:22.315: [sgwc] INFO: [Removed] Number of SGWC-Sessions is now 3 (../src/sgwc/context.c:952)
05/02 10:21:22.315: [sgwc] INFO: [Removed] Number of SGWC-Sessions is now 2 (../src/sgwc/context.c:952)
05/02 10:21:27.912: [sgwc] INFO: [Removed] Number of SGWC-Sessions is now 1 (../src/sgwc/context.c:952)
05/02 10:21:28.120: [sgwc] INFO: [Removed] Number of SGWC-Sessions is now 0 (../src/sgwc/context.c:952)
05/02 10:21:38.951: [sgwc] INFO: [Removed] Number of SGWC-UEs is now 1 (../src/sgwc/context.c:260)
05/02 10:21:38.951: [sgwc] INFO: [Added] Number of SGWC-UEs is now 2 (../src/sgwc/context.c:239)
05/02 10:21:38.951: [sgwc] INFO: [Added] Number of SGWC-Sessions is now 1 (../src/sgwc/context.c:946)
05/02 10:21:38.951: [sgwc] INFO: UE IMSI[001010000123542] APN[internet] (../src/sgwc/s11-handler.c:268)
05/02 10:21:39.215: [sgwc] INFO: [Added] Number of SGWC-Sessions is now 2 (../src/sgwc/context.c:946)
05/02 10:21:39.215: [sgwc] INFO: UE IMSI[001010000123542] APN[ims] (../src/sgwc/s11-handler.c:268)
05/02 10:21:44.433: [sgwc] INFO: [Removed] Number of SGWC-UEs is now 1 (../src/sgwc/context.c:260)
05/02 10:21:44.433: [sgwc] INFO: [Added] Number of SGWC-UEs is now 2 (../src/sgwc/context.c:239)
05/02 10:21:44.433: [sgwc] INFO: [Added] Number of SGWC-Sessions is now 3 (../src/sgwc/context.c:946)
05/02 10:21:44.433: [sgwc] INFO: UE IMSI[001010000123528] APN[internet] (../src/sgwc/s11-handler.c:268)
05/02 10:21:44.932: [sgwc] INFO: [Added] Number of SGWC-Sessions is now 4 (../src/sgwc/context.c:946)
05/02 10:21:44.932: [sgwc] INFO: UE IMSI[001010000123528] APN[ims] (../src/sgwc/s11-handler.c:268)
05/02 10:24:32.360: [sgwc] INFO: [Removed] Number of SGWC-Sessions is now 3 (../src/sgwc/context.c:952)
05/02 10:24:33.272: [sgwc] INFO: [Added] Number of SGWC-Sessions is now 4 (../src/sgwc/context.c:946)
05/02 10:24:33.272: [sgwc] INFO: UE IMSI[001010000123528] APN[ims] (../src/sgwc/s11-handler.c:268)
05/02 11:06:44.504: [sgwc] INFO: [Removed] Number of SGWC-Sessions is now 3 (../src/sgwc/context.c:952)
05/02 11:17:07.210: [sgwc] INFO: [Removed] Number of SGWC-Sessions is now 2 (../src/sgwc/context.c:952)
05/02 11:17:07.949: [sgwc] INFO: [Removed] Number of SGWC-UEs is now 1 (../src/sgwc/context.c:260)
05/02 11:17:07.949: [sgwc] INFO: [Added] Number of SGWC-UEs is now 2 (../src/sgwc/context.c:239)
05/02 11:17:07.949: [sgwc] INFO: [Added] Number of SGWC-Sessions is now 3 (../src/sgwc/context.c:946)
05/02 11:17:07.949: [sgwc] INFO: UE IMSI[001010000123542] APN[internet] (../src/sgwc/s11-handler.c:268)
05/02 11:17:08.215: [sgwc] INFO: [Added] Number of SGWC-Sessions is now 4 (../src/sgwc/context.c:946)
05/02 11:17:08.215: [sgwc] INFO: UE IMSI[001010000123542] APN[ims] (../src/sgwc/s11-handler.c:268)
05/02 11:20:55.393: [sgwc] INFO: [Removed] Number of SGWC-Sessions is now 3 (../src/sgwc/context.c:952)
05/02 11:20:55.394: [sgwc] INFO: [Removed] Number of SGWC-Sessions is now 2 (../src/sgwc/context.c:952)
05/02 11:20:59.891: [sgwc] INFO: [Removed] Number of SGWC-Sessions is now 1 (../src/sgwc/context.c:952)
05/02 11:21:00.771: [sgwc] INFO: [Removed] Number of SGWC-Sessions is now 0 (../src/sgwc/context.c:952)
05/02 11:22:48.795: [sgwc] INFO: [Removed] Number of SGWC-UEs is now 1 (../src/sgwc/context.c:260)
05/02 11:22:48.795: [sgwc] INFO: [Added] Number of SGWC-UEs is now 2 (../src/sgwc/context.c:239)
05/02 11:22:48.795: [sgwc] INFO: [Added] Number of SGWC-Sessions is now 1 (../src/sgwc/context.c:946)
05/02 11:22:48.795: [sgwc] INFO: UE IMSI[001010000123528] APN[internet] (../src/sgwc/s11-handler.c:268)
05/02 11:22:49.215: [sgwc] INFO: [Added] Number of SGWC-Sessions is now 2 (../src/sgwc/context.c:946)
05/02 11:22:49.215: [sgwc] INFO: UE IMSI[001010000123528] APN[ims] (../src/sgwc/s11-handler.c:268)
05/02 11:22:58.197: [sgwc] INFO: [Removed] Number of SGWC-UEs is now 1 (../src/sgwc/context.c:260)
05/02 11:22:58.197: [sgwc] INFO: [Added] Number of SGWC-UEs is now 2 (../src/sgwc/context.c:239)
05/02 11:22:58.197: [sgwc] INFO: [Added] Number of SGWC-Sessions is now 3 (../src/sgwc/context.c:946)
05/02 11:22:58.197: [sgwc] INFO: UE IMSI[001010000123542] APN[internet] (../src/sgwc/s11-handler.c:268)
05/02 11:22:58.463: [sgwc] INFO: [Added] Number of SGWC-Sessions is now 4 (../src/sgwc/context.c:946)
05/02 11:22:58.463: [sgwc] INFO: UE IMSI[001010000123542] APN[ims] (../src/sgwc/s11-handler.c:268)
05/02 11:39:37.731: [sgwc] INFO: [Removed] Number of SGWC-Sessions is now 3 (../src/sgwc/context.c:952)
05/02 11:39:39.871: [sgwc] INFO: [Removed] Number of SGWC-Sessions is now 2 (../src/sgwc/context.c:952)
05/02 11:39:42.729: [sgwc] INFO: [Removed] Number of SGWC-UEs is now 1 (../src/sgwc/context.c:260)
05/02 11:39:42.729: [sgwc] INFO: [Added] Number of SGWC-UEs is now 2 (../src/sgwc/context.c:239)
05/02 11:39:42.729: [sgwc] INFO: [Added] Number of SGWC-Sessions is now 3 (../src/sgwc/context.c:946)
05/02 11:39:42.729: [sgwc] INFO: UE IMSI[001010000123528] APN[internet] (../src/sgwc/s11-handler.c:268)
05/02 11:39:43.149: [sgwc] INFO: [Added] Number of SGWC-Sessions is now 4 (../src/sgwc/context.c:946)
05/02 11:39:43.149: [sgwc] INFO: UE IMSI[001010000123528] APN[ims] (../src/sgwc/s11-handler.c:268)
05/02 11:40:46.851: [sgwc] INFO: [Removed] Number of SGWC-Sessions is now 3 (../src/sgwc/context.c:952)
05/02 11:40:47.811: [sgwc] INFO: [Removed] Number of SGWC-Sessions is now 2 (../src/sgwc/context.c:952)
05/02 11:40:51.053: [sgwc] INFO: [Removed] Number of SGWC-Sessions is now 1 (../src/sgwc/context.c:952)
05/02 11:40:51.053: [sgwc] INFO: [Removed] Number of SGWC-Sessions is now 0 (../src/sgwc/context.c:952)
05/02 11:41:21.889: [sgwc] INFO: [Removed] Number of SGWC-UEs is now 1 (../src/sgwc/context.c:260)
05/02 11:41:21.889: [sgwc] INFO: [Added] Number of SGWC-UEs is now 2 (../src/sgwc/context.c:239)
05/02 11:41:21.889: [sgwc] INFO: [Added] Number of SGWC-Sessions is now 1 (../src/sgwc/context.c:946)
05/02 11:41:21.889: [sgwc] INFO: UE IMSI[001010000123542] APN[internet] (../src/sgwc/s11-handler.c:268)
05/02 11:41:22.151: [sgwc] INFO: [Added] Number of SGWC-Sessions is now 2 (../src/sgwc/context.c:946)
05/02 11:41:22.151: [sgwc] INFO: UE IMSI[001010000123542] APN[ims] (../src/sgwc/s11-handler.c:268)
05/02 11:41:30.731: [sgwc] INFO: [Removed] Number of SGWC-UEs is now 1 (../src/sgwc/context.c:260)
05/02 11:41:30.731: [sgwc] INFO: [Added] Number of SGWC-UEs is now 2 (../src/sgwc/context.c:239)
05/02 11:41:30.731: [sgwc] INFO: [Added] Number of SGWC-Sessions is now 3 (../src/sgwc/context.c:946)
05/02 11:41:30.731: [sgwc] INFO: UE IMSI[001010000123528] APN[internet] (../src/sgwc/s11-handler.c:268)
05/02 11:41:31.111: [sgwc] INFO: [Added] Number of SGWC-Sessions is now 4 (../src/sgwc/context.c:946)
05/02 11:41:31.111: [sgwc] INFO: UE IMSI[001010000123528] APN[ims] (../src/sgwc/s11-handler.c:268)
05/02 11:50:40.083: [sgwc] WARNING: GTP Cause [Value:90] - PFCP_CAUSE[77] (../src/sgwc/s11-handler.c:1350)
05/02 11:53:20.383: [sgwc] INFO: [Removed] Number of SGWC-Sessions is now 3 (../src/sgwc/context.c:952)
05/02 11:53:20.383: [sgwc] INFO: [Removed] Number of SGWC-Sessions is now 2 (../src/sgwc/context.c:952)
05/02 11:53:20.521: [sgwc] INFO: [Removed] Number of SGWC-UEs is now 1 (../src/sgwc/context.c:260)
05/02 11:53:20.521: [sgwc] INFO: [Added] Number of SGWC-UEs is now 2 (../src/sgwc/context.c:239)
05/02 11:53:20.521: [sgwc] INFO: [Added] Number of SGWC-Sessions is now 3 (../src/sgwc/context.c:946)
05/02 11:53:20.521: [sgwc] INFO: UE IMSI[001010000123528] APN[internet] (../src/sgwc/s11-handler.c:268)
05/02 11:53:21.021: [sgwc] INFO: [Added] Number of SGWC-Sessions is now 4 (../src/sgwc/context.c:946)
05/02 11:53:21.021: [sgwc] INFO: UE IMSI[001010000123528] APN[ims] (../src/sgwc/s11-handler.c:268)
05/02 12:16:09.926: [sgwc] INFO: [Removed] Number of SGWC-Sessions is now 3 (../src/sgwc/context.c:952)
05/02 12:16:09.926: [sgwc] INFO: [Removed] Number of SGWC-Sessions is now 2 (../src/sgwc/context.c:952)
05/02 12:16:13.405: [sgwc] INFO: [Removed] Number of SGWC-UEs is now 1 (../src/sgwc/context.c:260)
05/02 12:16:13.405: [sgwc] INFO: [Added] Number of SGWC-UEs is now 2 (../src/sgwc/context.c:239)
05/02 12:16:13.405: [sgwc] INFO: [Added] Number of SGWC-Sessions is now 3 (../src/sgwc/context.c:946)
05/02 12:16:13.405: [sgwc] INFO: UE IMSI[001010000123542] APN[internet] (../src/sgwc/s11-handler.c:268)
05/02 12:16:13.671: [sgwc] INFO: [Added] Number of SGWC-Sessions is now 4 (../src/sgwc/context.c:946)
05/02 12:16:13.671: [sgwc] INFO: UE IMSI[001010000123542] APN[ims] (../src/sgwc/s11-handler.c:268)
05/02 12:16:14.088: [sgwc] INFO: [Removed] Number of SGWC-Sessions is now 3 (../src/sgwc/context.c:952)
05/02 12:16:39.306: [sgwc] INFO: [Removed] Number of SGWC-Sessions is now 2 (../src/sgwc/context.c:952)
05/02 12:16:47.804: [sgwc] INFO: [Removed] Number of SGWC-UEs is now 1 (../src/sgwc/context.c:260)
05/02 12:16:47.804: [sgwc] INFO: [Added] Number of SGWC-UEs is now 2 (../src/sgwc/context.c:239)
05/02 12:16:47.804: [sgwc] INFO: [Added] Number of SGWC-Sessions is now 3 (../src/sgwc/context.c:946)
05/02 12:16:47.804: [sgwc] INFO: UE IMSI[001010000123542] APN[internet] (../src/sgwc/s11-handler.c:268)
05/02 12:16:48.071: [sgwc] INFO: [Added] Number of SGWC-Sessions is now 4 (../src/sgwc/context.c:946)
05/02 12:16:48.071: [sgwc] INFO: UE IMSI[001010000123542] APN[ims] (../src/sgwc/s11-handler.c:268)
05/02 12:16:54.284: [sgwc] INFO: [Removed] Number of SGWC-Sessions is now 3 (../src/sgwc/context.c:952)
05/02 12:16:55.264: [sgwc] INFO: [Removed] Number of SGWC-Sessions is now 2 (../src/sgwc/context.c:952)
05/02 12:17:00.002: [sgwc] INFO: [Removed] Number of SGWC-UEs is now 1 (../src/sgwc/context.c:260)
05/02 12:17:00.002: [sgwc] INFO: [Added] Number of SGWC-UEs is now 2 (../src/sgwc/context.c:239)
05/02 12:17:00.002: [sgwc] INFO: [Added] Number of SGWC-Sessions is now 3 (../src/sgwc/context.c:946)
05/02 12:17:00.002: [sgwc] INFO: UE IMSI[001010000123528] APN[internet] (../src/sgwc/s11-handler.c:268)
05/02 12:17:00.462: [sgwc] INFO: [Added] Number of SGWC-Sessions is now 4 (../src/sgwc/context.c:946)
05/02 12:17:00.462: [sgwc] INFO: UE IMSI[001010000123528] APN[ims] (../src/sgwc/s11-handler.c:268)
05/02 12:24:25.986: [sgwc] INFO: [Removed] Number of SGWC-Sessions is now 3 (../src/sgwc/context.c:952)
05/02 12:24:25.986: [sgwc] INFO: [Removed] Number of SGWC-Sessions is now 2 (../src/sgwc/context.c:952)
05/02 12:24:38.946: [sgwc] INFO: [Removed] Number of SGWC-Sessions is now 1 (../src/sgwc/context.c:952)
05/02 12:24:39.152: [sgwc] INFO: [Removed] Number of SGWC-Sessions is now 0 (../src/sgwc/context.c:952)
05/02 12:24:39.359: [sgwc] INFO: [Removed] Number of SGWC-UEs is now 1 (../src/sgwc/context.c:260)
05/02 12:24:39.359: [sgwc] INFO: [Added] Number of SGWC-UEs is now 2 (../src/sgwc/context.c:239)
05/02 12:24:39.359: [sgwc] INFO: [Added] Number of SGWC-Sessions is now 1 (../src/sgwc/context.c:946)
05/02 12:24:39.359: [sgwc] INFO: UE IMSI[001010000123542] APN[internet] (../src/sgwc/s11-handler.c:268)
05/02 12:24:39.607: [sgwc] INFO: [Added] Number of SGWC-Sessions is now 2 (../src/sgwc/context.c:946)
05/02 12:24:39.607: [sgwc] INFO: UE IMSI[001010000123542] APN[ims] (../src/sgwc/s11-handler.c:268)
05/02 12:24:43.204: [sgwc] INFO: [Removed] Number of SGWC-UEs is now 1 (../src/sgwc/context.c:260)
05/02 12:24:43.204: [sgwc] INFO: [Added] Number of SGWC-UEs is now 2 (../src/sgwc/context.c:239)
05/02 12:24:43.204: [sgwc] INFO: [Added] Number of SGWC-Sessions is now 3 (../src/sgwc/context.c:946)
05/02 12:24:43.204: [sgwc] INFO: UE IMSI[001010000123528] APN[internet] (../src/sgwc/s11-handler.c:268)
05/02 12:24:43.663: [sgwc] INFO: [Added] Number of SGWC-Sessions is now 4 (../src/sgwc/context.c:946)
05/02 12:24:43.663: [sgwc] INFO: UE IMSI[001010000123528] APN[ims] (../src/sgwc/s11-handler.c:268)
05/02 13:33:20.973: [sgwc] INFO: [Removed] Number of SGWC-Sessions is now 3 (../src/sgwc/context.c:952)
05/02 13:33:23.101: [sgwc] INFO: [Removed] Number of SGWC-Sessions is now 2 (../src/sgwc/context.c:952)
05/02 13:33:23.909: [sgwc] INFO: [Removed] Number of SGWC-Sessions is now 1 (../src/sgwc/context.c:952)
05/02 13:33:23.909: [sgwc] INFO: [Removed] Number of SGWC-Sessions is now 0 (../src/sgwc/context.c:952)
05/02 13:36:25.571: [sgwc] INFO: [Removed] Number of SGWC-UEs is now 1 (../src/sgwc/context.c:260)
05/02 13:36:25.571: [sgwc] INFO: [Added] Number of SGWC-UEs is now 2 (../src/sgwc/context.c:239)
05/02 13:36:25.571: [sgwc] INFO: [Added] Number of SGWC-Sessions is now 1 (../src/sgwc/context.c:946)
05/02 13:36:25.571: [sgwc] INFO: UE IMSI[001010000123542] APN[internet] (../src/sgwc/s11-handler.c:268)
05/02 13:36:25.839: [sgwc] INFO: [Added] Number of SGWC-Sessions is now 2 (../src/sgwc/context.c:946)
05/02 13:36:25.839: [sgwc] INFO: UE IMSI[001010000123542] APN[ims] (../src/sgwc/s11-handler.c:268)
05/02 13:36:26.256: [sgwc] INFO: [Removed] Number of SGWC-Sessions is now 1 (../src/sgwc/context.c:952)
05/02 13:36:44.453: [sgwc] INFO: [Removed] Number of SGWC-Sessions is now 0 (../src/sgwc/context.c:952)
05/02 13:37:16.611: [sgwc] INFO: [Removed] Number of SGWC-UEs is now 1 (../src/sgwc/context.c:260)
05/02 13:37:16.611: [sgwc] INFO: [Added] Number of SGWC-UEs is now 2 (../src/sgwc/context.c:239)
05/02 13:37:16.611: [sgwc] INFO: [Added] Number of SGWC-Sessions is now 1 (../src/sgwc/context.c:946)
05/02 13:37:16.611: [sgwc] INFO: UE IMSI[001010000123542] APN[internet] (../src/sgwc/s11-handler.c:268)
05/02 13:37:16.879: [sgwc] INFO: [Added] Number of SGWC-Sessions is now 2 (../src/sgwc/context.c:946)
05/02 13:37:16.879: [sgwc] INFO: UE IMSI[001010000123542] APN[ims] (../src/sgwc/s11-handler.c:268)
05/02 13:37:24.333: [sgwc] INFO: [Removed] Number of SGWC-UEs is now 1 (../src/sgwc/context.c:260)
05/02 13:37:24.333: [sgwc] INFO: [Added] Number of SGWC-UEs is now 2 (../src/sgwc/context.c:239)
05/02 13:37:24.333: [sgwc] INFO: [Added] Number of SGWC-Sessions is now 3 (../src/sgwc/context.c:946)
05/02 13:37:24.333: [sgwc] INFO: UE IMSI[001010000123528] APN[internet] (../src/sgwc/s11-handler.c:268)
05/02 13:37:24.793: [sgwc] INFO: [Added] Number of SGWC-Sessions is now 4 (../src/sgwc/context.c:946)
05/02 13:37:24.793: [sgwc] INFO: UE IMSI[001010000123528] APN[ims] (../src/sgwc/s11-handler.c:268)
05/02 13:43:48.754: [sgwc] INFO: [Removed] Number of SGWC-Sessions is now 3 (../src/sgwc/context.c:952)
05/02 13:43:48.754: [sgwc] INFO: [Removed] Number of SGWC-Sessions is now 2 (../src/sgwc/context.c:952)
05/02 13:44:04.231: [sgwc] INFO: [Removed] Number of SGWC-Sessions is now 1 (../src/sgwc/context.c:952)
05/02 13:44:04.231: [sgwc] INFO: [Removed] Number of SGWC-Sessions is now 0 (../src/sgwc/context.c:952)
Open5GS daemon v2.7.6-78-g47d0062

05/06 16:29:46.191: [app] INFO: Configuration: '/open5gs/install/etc/open5gs/sgwc.yaml' (../lib/app/ogs-init.c:144)
05/06 16:29:46.191: [app] INFO: File Logging: '/open5gs/install/var/log/open5gs/sgwc.log' (../lib/app/ogs-init.c:147)
05/06 16:29:46.243: [gtp] INFO: gtp_server() [172.22.0.5]:2123 (../lib/gtp/path.c:30)
05/06 16:29:46.243: [pfcp] INFO: pfcp_server() [172.22.0.5]:8805 (../lib/pfcp/path.c:30)
05/06 16:29:46.243: [app] INFO: SGW-C initialize...done (../src/sgwc/app.c:31)
05/06 16:29:46.343: [sgwc] INFO: PFCP associated [172.22.0.6]:8805 (../src/sgwc/pfcp-sm.c:167)
05/06 16:29:48.746: [sgwc] WARNING: PFCP[RSP] has already been associated [172.22.0.6]:8805 (../src/sgwc/pfcp-sm.c:265)
05/06 16:31:37.434: [sgwc] INFO: [Added] Number of SGWC-UEs is now 1 (../src/sgwc/context.c:239)
05/06 16:31:37.434: [sgwc] INFO: [Added] Number of SGWC-Sessions is now 1 (../src/sgwc/context.c:946)
05/06 16:31:37.434: [sgwc] INFO: UE IMSI[001010000123528] APN[internet] (../src/sgwc/s11-handler.c:268)
05/06 16:31:37.435: [gtp] INFO: gtp_connect() [172.22.0.7]:2123 (../lib/gtp/path.c:60)
05/06 16:31:37.693: [sgwc] INFO: [Added] Number of SGWC-Sessions is now 2 (../src/sgwc/context.c:946)
05/06 16:31:37.693: [sgwc] INFO: UE IMSI[001010000123528] APN[ims] (../src/sgwc/s11-handler.c:268)
05/06 16:56:14.122: [sgwc] INFO: [Added] Number of SGWC-UEs is now 2 (../src/sgwc/context.c:239)
05/06 16:56:14.122: [sgwc] INFO: [Added] Number of SGWC-Sessions is now 3 (../src/sgwc/context.c:946)
05/06 16:56:14.122: [sgwc] INFO: UE IMSI[001010000123542] APN[internet] (../src/sgwc/s11-handler.c:268)
05/06 16:56:16.143: [sgwc] INFO: [Added] Number of SGWC-Sessions is now 4 (../src/sgwc/context.c:946)
05/06 16:56:16.143: [sgwc] INFO: UE IMSI[001010000123542] APN[ims] (../src/sgwc/s11-handler.c:268)
05/06 17:24:49.880: [sgwc] INFO: [Removed] Number of SGWC-Sessions is now 3 (../src/sgwc/context.c:952)
05/06 17:24:49.881: [sgwc] INFO: [Removed] Number of SGWC-Sessions is now 2 (../src/sgwc/context.c:952)
05/06 17:24:56.399: [sgwc] INFO: [Removed] Number of SGWC-UEs is now 1 (../src/sgwc/context.c:260)
05/06 17:24:56.399: [sgwc] INFO: [Added] Number of SGWC-UEs is now 2 (../src/sgwc/context.c:239)
05/06 17:24:56.399: [sgwc] INFO: [Added] Number of SGWC-Sessions is now 3 (../src/sgwc/context.c:946)
05/06 17:24:56.399: [sgwc] INFO: UE IMSI[001010000123528] APN[internet] (../src/sgwc/s11-handler.c:268)
05/06 17:24:56.661: [sgwc] INFO: [Added] Number of SGWC-Sessions is now 4 (../src/sgwc/context.c:946)
05/06 17:24:56.661: [sgwc] INFO: UE IMSI[001010000123528] APN[ims] (../src/sgwc/s11-handler.c:268)
05/06 17:25:13.415: [gtp] WARNING: [15] LOCAL  No Reponse. Give up! for step 1 type 176 peer [172.22.0.9]:2123 (../lib/gtp/xact.c:784)
05/06 17:25:13.415: [sgwc] WARNING: [001010000123528] No Downlink Data Notification ACK (../src/sgwc/gtp-path.c:172)
05/06 17:25:55.828: [sgwc] INFO: [Removed] Number of SGWC-Sessions is now 3 (../src/sgwc/context.c:952)
05/06 17:25:56.828: [sgwc] INFO: [Removed] Number of SGWC-Sessions is now 2 (../src/sgwc/context.c:952)
05/06 17:26:12.406: [sgwc] INFO: [Removed] Number of SGWC-Sessions is now 1 (../src/sgwc/context.c:952)
05/06 17:26:12.406: [sgwc] INFO: [Removed] Number of SGWC-Sessions is now 0 (../src/sgwc/context.c:952)
05/06 17:26:12.406: [sgwc] INFO: [Removed] Number of SGWC-UEs is now 1 (../src/sgwc/context.c:260)
05/06 17:26:12.406: [sgwc] INFO: [Added] Number of SGWC-UEs is now 2 (../src/sgwc/context.c:239)
05/06 17:26:12.406: [sgwc] INFO: [Added] Number of SGWC-Sessions is now 1 (../src/sgwc/context.c:946)
05/06 17:26:12.406: [sgwc] INFO: UE IMSI[001010000123528] APN[internet] (../src/sgwc/s11-handler.c:268)
05/06 17:26:12.669: [sgwc] INFO: [Added] Number of SGWC-Sessions is now 2 (../src/sgwc/context.c:946)
05/06 17:26:12.669: [sgwc] INFO: UE IMSI[001010000123528] APN[ims] (../src/sgwc/s11-handler.c:268)
05/06 17:26:34.042: [sgwc] INFO: [Removed] Number of SGWC-UEs is now 1 (../src/sgwc/context.c:260)
05/06 17:26:34.042: [sgwc] INFO: [Added] Number of SGWC-UEs is now 2 (../src/sgwc/context.c:239)
05/06 17:26:34.042: [sgwc] INFO: [Added] Number of SGWC-Sessions is now 3 (../src/sgwc/context.c:946)
05/06 17:26:34.042: [sgwc] INFO: UE IMSI[001010000123542] APN[internet] (../src/sgwc/s11-handler.c:268)
05/06 17:26:34.642: [sgwc] INFO: [Added] Number of SGWC-Sessions is now 4 (../src/sgwc/context.c:946)
05/06 17:26:34.642: [sgwc] INFO: UE IMSI[001010000123542] APN[ims] (../src/sgwc/s11-handler.c:268)
05/06 17:27:17.025: [sgwc] INFO: [Removed] Number of SGWC-Sessions is now 3 (../src/sgwc/context.c:952)
05/06 17:29:50.692: [sgwc] INFO: [Added] Number of SGWC-Sessions is now 4 (../src/sgwc/context.c:946)
05/06 17:29:50.692: [sgwc] INFO: UE IMSI[001010000123528] APN[ims] (../src/sgwc/s11-handler.c:268)
05/06 17:29:56.524: [sgwc] INFO: [Removed] Number of SGWC-Sessions is now 3 (../src/sgwc/context.c:952)
05/06 17:29:57.485: [sgwc] INFO: [Removed] Number of SGWC-Sessions is now 2 (../src/sgwc/context.c:952)
05/06 17:30:00.442: [sgwc] INFO: [Removed] Number of SGWC-UEs is now 1 (../src/sgwc/context.c:260)
05/06 17:30:00.442: [sgwc] INFO: [Added] Number of SGWC-UEs is now 2 (../src/sgwc/context.c:239)
05/06 17:30:00.442: [sgwc] INFO: [Added] Number of SGWC-Sessions is now 3 (../src/sgwc/context.c:946)
05/06 17:30:00.442: [sgwc] INFO: UE IMSI[001010000123542] APN[internet] (../src/sgwc/s11-handler.c:268)
05/06 17:30:00.843: [sgwc] INFO: [Added] Number of SGWC-Sessions is now 4 (../src/sgwc/context.c:946)
05/06 17:30:00.843: [sgwc] INFO: UE IMSI[001010000123542] APN[ims] (../src/sgwc/s11-handler.c:268)
05/06 17:49:59.712: [sgwc] INFO: [Removed] Number of SGWC-Sessions is now 3 (../src/sgwc/context.c:952)
05/06 17:50:00.723: [sgwc] INFO: [Removed] Number of SGWC-Sessions is now 2 (../src/sgwc/context.c:952)
05/06 17:50:03.279: [sgwc] INFO: [Removed] Number of SGWC-Sessions is now 1 (../src/sgwc/context.c:952)
05/06 17:50:03.279: [sgwc] INFO: [Removed] Number of SGWC-Sessions is now 0 (../src/sgwc/context.c:952)
05/06 17:50:27.598: [sgwc] INFO: [Removed] Number of SGWC-UEs is now 1 (../src/sgwc/context.c:260)
05/06 17:50:27.598: [sgwc] INFO: [Added] Number of SGWC-UEs is now 2 (../src/sgwc/context.c:239)
05/06 17:50:27.598: [sgwc] INFO: [Added] Number of SGWC-Sessions is now 1 (../src/sgwc/context.c:946)
05/06 17:50:27.598: [sgwc] INFO: UE IMSI[001010000123528] APN[internet] (../src/sgwc/s11-handler.c:268)
05/06 17:50:27.861: [sgwc] INFO: [Added] Number of SGWC-Sessions is now 2 (../src/sgwc/context.c:946)
05/06 17:50:27.861: [sgwc] INFO: UE IMSI[001010000123528] APN[ims] (../src/sgwc/s11-handler.c:268)
05/06 17:50:36.599: [sgwc] INFO: [Removed] Number of SGWC-UEs is now 1 (../src/sgwc/context.c:260)
05/06 17:50:36.599: [sgwc] INFO: [Added] Number of SGWC-UEs is now 2 (../src/sgwc/context.c:239)
05/06 17:50:36.599: [sgwc] INFO: [Added] Number of SGWC-Sessions is now 3 (../src/sgwc/context.c:946)
05/06 17:50:36.599: [sgwc] INFO: UE IMSI[001010000123542] APN[internet] (../src/sgwc/s11-handler.c:268)
05/06 17:50:37.080: [sgwc] INFO: [Added] Number of SGWC-Sessions is now 4 (../src/sgwc/context.c:946)
05/06 17:50:37.080: [sgwc] INFO: UE IMSI[001010000123542] APN[ims] (../src/sgwc/s11-handler.c:268)
05/06 18:44:15.966: [sgwc] INFO: [Removed] Number of SGWC-Sessions is now 3 (../src/sgwc/context.c:952)
05/06 18:44:15.966: [sgwc] INFO: [Removed] Number of SGWC-Sessions is now 2 (../src/sgwc/context.c:952)
05/06 18:44:17.504: [sgwc] INFO: [Removed] Number of SGWC-Sessions is now 1 (../src/sgwc/context.c:952)
05/06 18:44:17.918: [sgwc] INFO: [Removed] Number of SGWC-Sessions is now 0 (../src/sgwc/context.c:952)
05/06 18:44:26.820: [sgwc] INFO: [Removed] Number of SGWC-UEs is now 1 (../src/sgwc/context.c:260)
05/06 18:44:26.820: [sgwc] INFO: [Added] Number of SGWC-UEs is now 2 (../src/sgwc/context.c:239)
05/06 18:44:26.820: [sgwc] INFO: [Added] Number of SGWC-Sessions is now 1 (../src/sgwc/context.c:946)
05/06 18:44:26.820: [sgwc] INFO: UE IMSI[001010000123528] APN[internet] (../src/sgwc/s11-handler.c:268)
05/06 18:44:27.085: [sgwc] INFO: [Added] Number of SGWC-Sessions is now 2 (../src/sgwc/context.c:946)
05/06 18:44:27.085: [sgwc] INFO: UE IMSI[001010000123528] APN[ims] (../src/sgwc/s11-handler.c:268)
05/06 18:44:31.981: [sgwc] INFO: [Removed] Number of SGWC-UEs is now 1 (../src/sgwc/context.c:260)
05/06 18:44:31.981: [sgwc] INFO: [Added] Number of SGWC-UEs is now 2 (../src/sgwc/context.c:239)
05/06 18:44:31.981: [sgwc] INFO: [Added] Number of SGWC-Sessions is now 3 (../src/sgwc/context.c:946)
05/06 18:44:31.981: [sgwc] INFO: UE IMSI[001010000123542] APN[internet] (../src/sgwc/s11-handler.c:268)
05/06 18:44:32.541: [sgwc] INFO: [Added] Number of SGWC-Sessions is now 4 (../src/sgwc/context.c:946)
05/06 18:44:32.541: [sgwc] INFO: UE IMSI[001010000123542] APN[ims] (../src/sgwc/s11-handler.c:268)
05/06 18:49:03.544: [sgwc] INFO: [Removed] Number of SGWC-Sessions is now 3 (../src/sgwc/context.c:952)
05/06 18:49:04.483: [sgwc] INFO: [Removed] Number of SGWC-Sessions is now 2 (../src/sgwc/context.c:952)
05/06 18:57:40.879: [sgwc] INFO: [Removed] Number of SGWC-UEs is now 1 (../src/sgwc/context.c:260)
05/06 18:57:40.879: [sgwc] INFO: [Added] Number of SGWC-UEs is now 2 (../src/sgwc/context.c:239)
05/06 18:57:40.879: [sgwc] INFO: [Added] Number of SGWC-Sessions is now 3 (../src/sgwc/context.c:946)
05/06 18:57:40.879: [sgwc] INFO: UE IMSI[001010000123542] APN[internet] (../src/sgwc/s11-handler.c:268)
05/06 18:57:43.036: [sgwc] INFO: [Added] Number of SGWC-Sessions is now 4 (../src/sgwc/context.c:946)
05/06 18:57:43.036: [sgwc] INFO: UE IMSI[001010000123542] APN[ims] (../src/sgwc/s11-handler.c:268)
05/06 18:58:22.565: [sgwc] INFO: [Removed] Number of SGWC-Sessions is now 3 (../src/sgwc/context.c:952)
05/06 18:58:23.940: [sgwc] INFO: [Removed] Number of SGWC-Sessions is now 2 (../src/sgwc/context.c:952)
05/06 18:59:14.978: [sgwc] INFO: [Removed] Number of SGWC-UEs is now 1 (../src/sgwc/context.c:260)
05/06 18:59:14.978: [sgwc] INFO: [Added] Number of SGWC-UEs is now 2 (../src/sgwc/context.c:239)
05/06 18:59:14.978: [sgwc] INFO: [Added] Number of SGWC-Sessions is now 3 (../src/sgwc/context.c:946)
05/06 18:59:14.978: [sgwc] INFO: UE IMSI[001010000123542] APN[internet] (../src/sgwc/s11-handler.c:268)
05/06 18:59:17.539: [sgwc] INFO: [Added] Number of SGWC-Sessions is now 4 (../src/sgwc/context.c:946)
05/06 18:59:17.539: [sgwc] INFO: UE IMSI[001010000123542] APN[ims] (../src/sgwc/s11-handler.c:268)
05/06 19:02:05.060: [sgwc] INFO: [Removed] Number of SGWC-Sessions is now 3 (../src/sgwc/context.c:952)
05/06 19:02:06.299: [sgwc] INFO: [Added] Number of SGWC-Sessions is now 4 (../src/sgwc/context.c:946)
05/06 19:02:06.299: [sgwc] INFO: UE IMSI[001010000123542] APN[ims] (../src/sgwc/s11-handler.c:268)
05/06 19:03:45.620: [sgwc] INFO: [Removed] Number of SGWC-Sessions is now 3 (../src/sgwc/context.c:952)
05/06 19:03:45.620: [sgwc] INFO: [Removed] Number of SGWC-Sessions is now 2 (../src/sgwc/context.c:952)
05/06 19:03:56.418: [sgwc] INFO: [Removed] Number of SGWC-Sessions is now 1 (../src/sgwc/context.c:952)
05/06 19:03:56.418: [sgwc] INFO: [Removed] Number of SGWC-Sessions is now 0 (../src/sgwc/context.c:952)
05/06 19:04:29.959: [sgwc] INFO: [Removed] Number of SGWC-UEs is now 1 (../src/sgwc/context.c:260)
05/06 19:04:29.959: [sgwc] INFO: [Added] Number of SGWC-UEs is now 2 (../src/sgwc/context.c:239)
05/06 19:04:29.959: [sgwc] INFO: [Added] Number of SGWC-Sessions is now 1 (../src/sgwc/context.c:946)
05/06 19:04:29.959: [sgwc] INFO: UE IMSI[001010000123542] APN[internet] (../src/sgwc/s11-handler.c:268)
05/06 19:04:30.221: [sgwc] INFO: [Added] Number of SGWC-Sessions is now 2 (../src/sgwc/context.c:946)
05/06 19:04:30.221: [sgwc] INFO: UE IMSI[001010000123542] APN[ims] (../src/sgwc/s11-handler.c:268)
05/06 19:04:36.038: [sgwc] INFO: [Removed] Number of SGWC-Sessions is now 1 (../src/sgwc/context.c:952)
05/06 19:04:36.038: [sgwc] INFO: [Removed] Number of SGWC-Sessions is now 0 (../src/sgwc/context.c:952)
05/06 19:05:02.977: [sgwc] INFO: [Removed] Number of SGWC-UEs is now 1 (../src/sgwc/context.c:260)
05/06 19:05:02.977: [sgwc] INFO: [Added] Number of SGWC-UEs is now 2 (../src/sgwc/context.c:239)
05/06 19:05:02.977: [sgwc] INFO: [Added] Number of SGWC-Sessions is now 1 (../src/sgwc/context.c:946)
05/06 19:05:02.977: [sgwc] INFO: UE IMSI[001010000123542] APN[internet] (../src/sgwc/s11-handler.c:268)
05/06 19:05:03.245: [sgwc] INFO: [Added] Number of SGWC-Sessions is now 2 (../src/sgwc/context.c:946)
05/06 19:05:03.245: [sgwc] INFO: UE IMSI[001010000123542] APN[ims] (../src/sgwc/s11-handler.c:268)
05/06 19:05:07.859: [sgwc] INFO: [Removed] Number of SGWC-UEs is now 1 (../src/sgwc/context.c:260)
05/06 19:05:07.859: [sgwc] INFO: [Added] Number of SGWC-UEs is now 2 (../src/sgwc/context.c:239)
05/06 19:05:07.859: [sgwc] INFO: [Added] Number of SGWC-Sessions is now 3 (../src/sgwc/context.c:946)
05/06 19:05:07.859: [sgwc] INFO: UE IMSI[001010000123528] APN[internet] (../src/sgwc/s11-handler.c:268)
05/06 19:05:08.659: [sgwc] INFO: [Added] Number of SGWC-Sessions is now 4 (../src/sgwc/context.c:946)
05/06 19:05:08.659: [sgwc] INFO: UE IMSI[001010000123528] APN[ims] (../src/sgwc/s11-handler.c:268)
05/06 19:10:41.821: [sgwc] INFO: [Removed] Number of SGWC-Sessions is now 3 (../src/sgwc/context.c:952)
05/06 19:10:41.821: [sgwc] INFO: [Removed] Number of SGWC-Sessions is now 2 (../src/sgwc/context.c:952)
05/07 12:14:15.950: [core] ERROR: epoll failed (4:Interrupted system call) (../lib/core/ogs-epoll.c:221)
Open5GS daemon v2.7.6-78-g47d0062

05/07 12:56:41.563: [app] INFO: Configuration: '/open5gs/install/etc/open5gs/sgwc.yaml' (../lib/app/ogs-init.c:144)
05/07 12:56:41.563: [app] INFO: File Logging: '/open5gs/install/var/log/open5gs/sgwc.log' (../lib/app/ogs-init.c:147)
05/07 12:56:41.618: [gtp] INFO: gtp_server() [172.22.0.5]:2123 (../lib/gtp/path.c:30)
05/07 12:56:41.618: [pfcp] INFO: pfcp_server() [172.22.0.5]:8805 (../lib/pfcp/path.c:30)
05/07 12:56:41.618: [app] INFO: SGW-C initialize...done (../src/sgwc/app.c:31)
05/07 12:56:41.618: [sgwc] INFO: PFCP associated [172.22.0.6]:8805 (../src/sgwc/pfcp-sm.c:167)
05/07 12:56:44.099: [sgwc] WARNING: PFCP[REQ] has already been associated [172.22.0.6]:8805 (../src/sgwc/pfcp-sm.c:259)
Open5GS daemon v2.7.6-78-g47d0062

05/07 12:56:51.057: [app] INFO: Configuration: '/open5gs/install/etc/open5gs/sgwc.yaml' (../lib/app/ogs-init.c:144)
05/07 12:56:51.057: [app] INFO: File Logging: '/open5gs/install/var/log/open5gs/sgwc.log' (../lib/app/ogs-init.c:147)
05/07 12:56:51.109: [gtp] INFO: gtp_server() [172.22.0.5]:2123 (../lib/gtp/path.c:30)
05/07 12:56:51.109: [pfcp] INFO: pfcp_server() [172.22.0.5]:8805 (../lib/pfcp/path.c:30)
05/07 12:56:51.109: [app] INFO: SGW-C initialize...done (../src/sgwc/app.c:31)
05/07 12:56:51.189: [sgwc] INFO: PFCP associated [172.22.0.6]:8805 (../src/sgwc/pfcp-sm.c:167)
05/07 12:56:53.612: [sgwc] WARNING: PFCP[RSP] has already been associated [172.22.0.6]:8805 (../src/sgwc/pfcp-sm.c:265)
Open5GS daemon v2.7.6-78-g47d0062

05/07 13:07:03.714: [app] INFO: Configuration: '/open5gs/install/etc/open5gs/sgwc.yaml' (../lib/app/ogs-init.c:144)
05/07 13:07:03.714: [app] INFO: File Logging: '/open5gs/install/var/log/open5gs/sgwc.log' (../lib/app/ogs-init.c:147)
05/07 13:07:03.764: [gtp] INFO: gtp_server() [172.22.0.5]:2123 (../lib/gtp/path.c:30)
05/07 13:07:03.764: [pfcp] INFO: pfcp_server() [172.22.0.5]:8805 (../lib/pfcp/path.c:30)
05/07 13:07:03.765: [app] INFO: SGW-C initialize...done (../src/sgwc/app.c:31)
05/07 13:07:03.826: [sgwc] INFO: PFCP associated [172.22.0.6]:8805 (../src/sgwc/pfcp-sm.c:167)
05/07 13:07:06.267: [sgwc] WARNING: PFCP[RSP] has already been associated [172.22.0.6]:8805 (../src/sgwc/pfcp-sm.c:265)
05/07 13:08:33.643: [sgwc] INFO: [Added] Number of SGWC-UEs is now 1 (../src/sgwc/context.c:239)
05/07 13:08:33.643: [sgwc] INFO: [Added] Number of SGWC-Sessions is now 1 (../src/sgwc/context.c:946)
05/07 13:08:33.643: [sgwc] INFO: UE IMSI[001010000123542] APN[internet] (../src/sgwc/s11-handler.c:268)
05/07 13:08:33.643: [gtp] INFO: gtp_connect() [172.22.0.7]:2123 (../lib/gtp/path.c:60)
05/07 13:08:33.906: [sgwc] INFO: [Added] Number of SGWC-Sessions is now 2 (../src/sgwc/context.c:946)
05/07 13:08:33.906: [sgwc] INFO: UE IMSI[001010000123542] APN[ims] (../src/sgwc/s11-handler.c:268)
05/07 13:09:50.287: [sgwc] INFO: [Added] Number of SGWC-UEs is now 2 (../src/sgwc/context.c:239)
05/07 13:09:50.287: [sgwc] INFO: [Added] Number of SGWC-Sessions is now 3 (../src/sgwc/context.c:946)
05/07 13:09:50.287: [sgwc] INFO: UE IMSI[001010000123528] APN[internet] (../src/sgwc/s11-handler.c:268)
05/07 13:09:53.689: [sgwc] INFO: [Removed] Number of SGWC-Sessions is now 2 (../src/sgwc/context.c:952)
05/07 13:09:59.667: [sgwc] INFO: [Removed] Number of SGWC-UEs is now 1 (../src/sgwc/context.c:260)
05/07 13:09:59.667: [sgwc] INFO: [Added] Number of SGWC-UEs is now 2 (../src/sgwc/context.c:239)
05/07 13:09:59.667: [sgwc] INFO: [Added] Number of SGWC-Sessions is now 3 (../src/sgwc/context.c:946)
05/07 13:09:59.667: [sgwc] INFO: UE IMSI[001010000123528] APN[internet] (../src/sgwc/s11-handler.c:268)
05/07 13:10:01.128: [sgwc] INFO: [Added] Number of SGWC-Sessions is now 4 (../src/sgwc/context.c:946)
05/07 13:10:01.128: [sgwc] INFO: UE IMSI[001010000123528] APN[ims] (../src/sgwc/s11-handler.c:268)
05/07 13:35:36.232: [sgwc] INFO: [Removed] Number of SGWC-Sessions is now 3 (../src/sgwc/context.c:952)
05/07 13:35:37.191: [sgwc] INFO: [Removed] Number of SGWC-Sessions is now 2 (../src/sgwc/context.c:952)
05/07 13:54:08.246: [sgwc] INFO: [Removed] Number of SGWC-UEs is now 1 (../src/sgwc/context.c:260)
05/07 13:54:08.246: [sgwc] INFO: [Added] Number of SGWC-UEs is now 2 (../src/sgwc/context.c:239)
05/07 13:54:08.246: [sgwc] INFO: [Added] Number of SGWC-Sessions is now 3 (../src/sgwc/context.c:946)
05/07 13:54:08.246: [sgwc] INFO: UE IMSI[001010000123528] APN[internet] (../src/sgwc/s11-handler.c:268)
05/07 13:54:08.686: [sgwc] INFO: [Added] Number of SGWC-Sessions is now 4 (../src/sgwc/context.c:946)
05/07 13:54:08.686: [sgwc] INFO: UE IMSI[001010000123528] APN[ims] (../src/sgwc/s11-handler.c:268)
05/07 13:55:23.907: [sgwc] INFO: [Removed] Number of SGWC-Sessions is now 3 (../src/sgwc/context.c:952)
05/07 13:55:23.907: [sgwc] INFO: [Removed] Number of SGWC-Sessions is now 2 (../src/sgwc/context.c:952)
05/07 13:55:27.825: [sgwc] INFO: [Removed] Number of SGWC-UEs is now 1 (../src/sgwc/context.c:260)
05/07 13:55:27.825: [sgwc] INFO: [Added] Number of SGWC-UEs is now 2 (../src/sgwc/context.c:239)
05/07 13:55:27.825: [sgwc] INFO: [Added] Number of SGWC-Sessions is now 3 (../src/sgwc/context.c:946)
05/07 13:55:27.825: [sgwc] INFO: UE IMSI[001010000123542] APN[internet] (../src/sgwc/s11-handler.c:268)
05/07 13:55:28.090: [sgwc] INFO: [Added] Number of SGWC-Sessions is now 4 (../src/sgwc/context.c:946)
05/07 13:55:28.090: [sgwc] INFO: UE IMSI[001010000123542] APN[ims] (../src/sgwc/s11-handler.c:268)
05/07 13:56:47.027: [sgwc] INFO: [Removed] Number of SGWC-Sessions is now 3 (../src/sgwc/context.c:952)
05/07 13:56:47.027: [sgwc] INFO: [Removed] Number of SGWC-Sessions is now 2 (../src/sgwc/context.c:952)
05/07 13:56:47.985: [sgwc] INFO: [Removed] Number of SGWC-UEs is now 1 (../src/sgwc/context.c:260)
05/07 13:56:47.986: [sgwc] INFO: [Added] Number of SGWC-UEs is now 2 (../src/sgwc/context.c:239)
05/07 13:56:47.986: [sgwc] INFO: [Added] Number of SGWC-Sessions is now 3 (../src/sgwc/context.c:946)
05/07 13:56:47.986: [sgwc] INFO: UE IMSI[001010000123542] APN[internet] (../src/sgwc/s11-handler.c:268)
05/07 13:56:48.249: [sgwc] INFO: [Added] Number of SGWC-Sessions is now 4 (../src/sgwc/context.c:946)
05/07 13:56:48.249: [sgwc] INFO: UE IMSI[001010000123542] APN[ims] (../src/sgwc/s11-handler.c:268)
05/07 13:57:11.749: [sgwc] INFO: [Removed] Number of SGWC-Sessions is now 3 (../src/sgwc/context.c:952)
05/07 13:57:11.955: [sgwc] INFO: [Removed] Number of SGWC-Sessions is now 2 (../src/sgwc/context.c:952)
05/07 13:57:16.047: [sgwc] INFO: [Removed] Number of SGWC-UEs is now 1 (../src/sgwc/context.c:260)
05/07 13:57:16.047: [sgwc] INFO: [Added] Number of SGWC-UEs is now 2 (../src/sgwc/context.c:239)
05/07 13:57:16.047: [sgwc] INFO: [Added] Number of SGWC-Sessions is now 3 (../src/sgwc/context.c:946)
05/07 13:57:16.047: [sgwc] INFO: UE IMSI[001010000123528] APN[internet] (../src/sgwc/s11-handler.c:268)
05/07 13:57:16.419: [sgwc] INFO: [Added] Number of SGWC-Sessions is now 4 (../src/sgwc/context.c:946)
05/07 13:57:16.419: [sgwc] INFO: UE IMSI[001010000123528] APN[ims] (../src/sgwc/s11-handler.c:268)
05/07 13:58:17.910: [sgwc] INFO: [Removed] Number of SGWC-Sessions is now 3 (../src/sgwc/context.c:952)
05/07 13:58:17.910: [sgwc] INFO: [Removed] Number of SGWC-Sessions is now 2 (../src/sgwc/context.c:952)
05/07 13:59:29.248: [sgwc] INFO: [Removed] Number of SGWC-Sessions is now 1 (../src/sgwc/context.c:952)
05/07 13:59:29.249: [sgwc] INFO: [Removed] Number of SGWC-Sessions is now 0 (../src/sgwc/context.c:952)
05/07 14:06:54.570: [sgwc] INFO: [Removed] Number of SGWC-UEs is now 1 (../src/sgwc/context.c:260)
05/07 14:06:54.570: [sgwc] INFO: [Added] Number of SGWC-UEs is now 2 (../src/sgwc/context.c:239)
05/07 14:06:54.570: [sgwc] INFO: [Added] Number of SGWC-Sessions is now 1 (../src/sgwc/context.c:946)
05/07 14:06:54.570: [sgwc] INFO: UE IMSI[001010000123542] APN[internet] (../src/sgwc/s11-handler.c:268)
05/07 14:06:54.833: [sgwc] INFO: [Added] Number of SGWC-Sessions is now 2 (../src/sgwc/context.c:946)
05/07 14:06:54.833: [sgwc] INFO: UE IMSI[001010000123542] APN[ims] (../src/sgwc/s11-handler.c:268)
05/07 14:07:04.492: [sgwc] INFO: [Removed] Number of SGWC-Sessions is now 1 (../src/sgwc/context.c:952)
05/07 14:07:04.493: [sgwc] INFO: [Removed] Number of SGWC-Sessions is now 0 (../src/sgwc/context.c:952)
05/07 14:11:51.991: [sgwc] INFO: [Removed] Number of SGWC-UEs is now 1 (../src/sgwc/context.c:260)
05/07 14:11:51.992: [sgwc] INFO: [Added] Number of SGWC-UEs is now 2 (../src/sgwc/context.c:239)
05/07 14:11:51.992: [sgwc] INFO: [Added] Number of SGWC-Sessions is now 1 (../src/sgwc/context.c:946)
05/07 14:11:51.992: [sgwc] INFO: UE IMSI[001010000123542] APN[internet] (../src/sgwc/s11-handler.c:268)
05/07 14:11:52.257: [sgwc] INFO: [Added] Number of SGWC-Sessions is now 2 (../src/sgwc/context.c:946)
05/07 14:11:52.258: [sgwc] INFO: UE IMSI[001010000123542] APN[ims] (../src/sgwc/s11-handler.c:268)
05/07 14:13:15.827: [gtp] WARNING: [39] LOCAL  No Reponse. Give up! for step 1 type 176 peer [172.22.0.9]:2123 (../lib/gtp/xact.c:784)
05/07 14:13:15.827: [sgwc] WARNING: [001010000123542] No Downlink Data Notification ACK (../src/sgwc/gtp-path.c:172)
05/07 14:17:57.886: [sgwc] INFO: [Removed] Number of SGWC-UEs is now 1 (../src/sgwc/context.c:260)
05/07 14:17:57.886: [sgwc] INFO: [Added] Number of SGWC-UEs is now 2 (../src/sgwc/context.c:239)
05/07 14:17:57.886: [sgwc] INFO: [Added] Number of SGWC-Sessions is now 3 (../src/sgwc/context.c:946)
05/07 14:17:57.886: [sgwc] INFO: UE IMSI[001010000123528] APN[internet] (../src/sgwc/s11-handler.c:268)
05/07 14:17:58.305: [sgwc] INFO: [Removed] Number of SGWC-Sessions is now 2 (../src/sgwc/context.c:952)
05/07 14:17:58.623: [sgwc] ERROR: Unknown EPS Bearer ID[5] (../src/sgwc/s11-handler.c:491)
05/07 14:17:58.623: [sgwc] ERROR: No Bearer (../src/sgwc/s11-handler.c:581)
05/07 14:17:58.623: [sgwc] ERROR: Unknown EPS Bearer [IMSI:001010000123528, EBI:5] (../src/sgwc/s11-handler.c:665)
05/07 14:18:08.585: [sgwc] INFO: [Removed] Number of SGWC-UEs is now 1 (../src/sgwc/context.c:260)
05/07 14:18:08.585: [sgwc] INFO: [Added] Number of SGWC-UEs is now 2 (../src/sgwc/context.c:239)
05/07 14:18:08.585: [sgwc] INFO: [Added] Number of SGWC-Sessions is now 3 (../src/sgwc/context.c:946)
05/07 14:18:08.586: [sgwc] INFO: UE IMSI[001010000123528] APN[internet] (../src/sgwc/s11-handler.c:268)
05/07 14:27:55.893: [sgwc] INFO: [Removed] Number of SGWC-Sessions is now 2 (../src/sgwc/context.c:952)
05/07 14:27:57.259: [sgwc] ERROR: Unknown EPS Bearer ID[5] (../src/sgwc/s11-handler.c:491)
05/07 14:27:57.259: [sgwc] ERROR: No Bearer (../src/sgwc/s11-handler.c:581)
05/07 14:27:57.259: [sgwc] ERROR: Unknown EPS Bearer [IMSI:001010000123528, EBI:5] (../src/sgwc/s11-handler.c:665)
05/07 14:27:57.260: [sgwc] INFO: [Removed] Number of SGWC-UEs is now 1 (../src/sgwc/context.c:260)
05/07 14:27:57.260: [sgwc] INFO: [Added] Number of SGWC-UEs is now 2 (../src/sgwc/context.c:239)
05/07 14:27:57.260: [sgwc] INFO: [Added] Number of SGWC-Sessions is now 3 (../src/sgwc/context.c:946)
05/07 14:27:57.260: [sgwc] INFO: UE IMSI[001010000123528] APN[ims] (../src/sgwc/s11-handler.c:268)
05/07 14:27:59.462: [sgwc] INFO: [Removed] Number of SGWC-Sessions is now 2 (../src/sgwc/context.c:952)
05/07 14:27:59.462: [sgwc] INFO: [Removed] Number of SGWC-UEs is now 1 (../src/sgwc/context.c:260)
05/07 14:27:59.462: [sgwc] INFO: [Added] Number of SGWC-UEs is now 2 (../src/sgwc/context.c:239)
05/07 14:27:59.462: [sgwc] INFO: [Added] Number of SGWC-Sessions is now 3 (../src/sgwc/context.c:946)
05/07 14:27:59.462: [sgwc] INFO: UE IMSI[001010000123528] APN[internet] (../src/sgwc/s11-handler.c:268)
05/07 14:27:59.785: [sgwc] INFO: [Added] Number of SGWC-Sessions is now 4 (../src/sgwc/context.c:946)
05/07 14:27:59.786: [sgwc] INFO: UE IMSI[001010000123528] APN[ims] (../src/sgwc/s11-handler.c:268)
05/07 14:33:22.340: [sgwc] INFO: [Removed] Number of SGWC-Sessions is now 3 (../src/sgwc/context.c:952)
05/07 14:33:22.340: [sgwc] INFO: [Removed] Number of SGWC-Sessions is now 2 (../src/sgwc/context.c:952)
05/07 14:34:09.598: [sgwc] INFO: [Removed] Number of SGWC-UEs is now 1 (../src/sgwc/context.c:260)
05/07 14:34:09.598: [sgwc] INFO: [Added] Number of SGWC-UEs is now 2 (../src/sgwc/context.c:239)
05/07 14:34:09.598: [sgwc] INFO: [Added] Number of SGWC-Sessions is now 3 (../src/sgwc/context.c:946)
05/07 14:34:09.598: [sgwc] INFO: UE IMSI[001010000123528] APN[internet] (../src/sgwc/s11-handler.c:268)
05/07 14:34:09.946: [sgwc] INFO: [Added] Number of SGWC-Sessions is now 4 (../src/sgwc/context.c:946)
05/07 14:34:09.946: [sgwc] INFO: UE IMSI[001010000123528] APN[ims] (../src/sgwc/s11-handler.c:268)
05/07 14:35:15.371: [sgwc] INFO: [Removed] Number of SGWC-Sessions is now 3 (../src/sgwc/context.c:952)
05/07 14:35:15.371: [sgwc] INFO: [Removed] Number of SGWC-Sessions is now 2 (../src/sgwc/context.c:952)
05/07 14:45:39.656: [sgwc] INFO: [Removed] Number of SGWC-UEs is now 1 (../src/sgwc/context.c:260)
05/07 14:45:39.656: [sgwc] INFO: [Added] Number of SGWC-UEs is now 2 (../src/sgwc/context.c:239)
05/07 14:45:39.656: [sgwc] INFO: [Added] Number of SGWC-Sessions is now 3 (../src/sgwc/context.c:946)
05/07 14:45:39.656: [sgwc] INFO: UE IMSI[001010000123528] APN[internet] (../src/sgwc/s11-handler.c:268)
05/07 14:45:40.319: [sgwc] INFO: [Added] Number of SGWC-Sessions is now 4 (../src/sgwc/context.c:946)
05/07 14:45:40.319: [sgwc] INFO: UE IMSI[001010000123528] APN[ims] (../src/sgwc/s11-handler.c:268)
05/07 14:46:17.557: [sgwc] INFO: [Removed] Number of SGWC-Sessions is now 3 (../src/sgwc/context.c:952)
05/07 14:46:26.755: [sgwc] INFO: [Added] Number of SGWC-Sessions is now 4 (../src/sgwc/context.c:946)
05/07 14:46:26.755: [sgwc] INFO: UE IMSI[001010000123528] APN[internet] (../src/sgwc/s11-handler.c:268)
05/07 14:48:30.020: [sgwc] INFO: [Removed] Number of SGWC-Sessions is now 3 (../src/sgwc/context.c:952)
05/07 14:48:30.021: [sgwc] INFO: [Removed] Number of SGWC-Sessions is now 2 (../src/sgwc/context.c:952)
05/07 14:48:30.038: [sgwc] INFO: [Removed] Number of SGWC-UEs is now 1 (../src/sgwc/context.c:260)
05/07 14:48:30.038: [sgwc] INFO: [Added] Number of SGWC-UEs is now 2 (../src/sgwc/context.c:239)
05/07 14:48:30.038: [sgwc] INFO: [Added] Number of SGWC-Sessions is now 3 (../src/sgwc/context.c:946)
05/07 14:48:30.038: [sgwc] INFO: UE IMSI[001010000123528] APN[internet] (../src/sgwc/s11-handler.c:268)
05/07 14:48:30.678: [sgwc] INFO: [Added] Number of SGWC-Sessions is now 4 (../src/sgwc/context.c:946)
05/07 14:48:30.678: [sgwc] INFO: UE IMSI[001010000123528] APN[ims] (../src/sgwc/s11-handler.c:268)
05/07 14:56:27.862: [sgwc] WARNING: GTP Cause [Value:90] - PFCP_CAUSE[77] (../src/sgwc/s11-handler.c:1350)
05/07 14:57:23.345: [sgwc] INFO: [Removed] Number of SGWC-Sessions is now 3 (../src/sgwc/context.c:952)
05/07 14:57:26.285: [sgwc] INFO: [Removed] Number of SGWC-Sessions is now 2 (../src/sgwc/context.c:952)
05/07 14:57:31.007: [sgwc] INFO: [Removed] Number of SGWC-Sessions is now 1 (../src/sgwc/context.c:952)
05/07 14:57:31.007: [sgwc] INFO: [Removed] Number of SGWC-Sessions is now 0 (../src/sgwc/context.c:952)
05/07 15:00:16.624: [sgwc] INFO: [Removed] Number of SGWC-UEs is now 1 (../src/sgwc/context.c:260)
05/07 15:00:16.624: [sgwc] INFO: [Added] Number of SGWC-UEs is now 2 (../src/sgwc/context.c:239)
05/07 15:00:16.624: [sgwc] INFO: [Added] Number of SGWC-Sessions is now 1 (../src/sgwc/context.c:946)
05/07 15:00:16.624: [sgwc] INFO: UE IMSI[001010000123542] APN[internet] (../src/sgwc/s11-handler.c:268)
05/07 15:00:16.890: [sgwc] INFO: [Added] Number of SGWC-Sessions is now 2 (../src/sgwc/context.c:946)
05/07 15:00:16.890: [sgwc] INFO: UE IMSI[001010000123542] APN[ims] (../src/sgwc/s11-handler.c:268)
05/07 15:00:28.586: [sgwc] INFO: [Removed] Number of SGWC-UEs is now 1 (../src/sgwc/context.c:260)
05/07 15:00:28.586: [sgwc] INFO: [Added] Number of SGWC-UEs is now 2 (../src/sgwc/context.c:239)
05/07 15:00:28.586: [sgwc] INFO: [Added] Number of SGWC-Sessions is now 3 (../src/sgwc/context.c:946)
05/07 15:00:28.586: [sgwc] INFO: UE IMSI[001010000123528] APN[internet] (../src/sgwc/s11-handler.c:268)
05/07 15:00:29.246: [sgwc] INFO: [Added] Number of SGWC-Sessions is now 4 (../src/sgwc/context.c:946)
05/07 15:00:29.246: [sgwc] INFO: UE IMSI[001010000123528] APN[ims] (../src/sgwc/s11-handler.c:268)
