Open5GS daemon v2.7.6-78-g47d0062

04/28 15:13:47.939: [app] INFO: Configuration: '/open5gs/install/etc/open5gs/sgwu.yaml' (../lib/app/ogs-init.c:144)
04/28 15:13:47.939: [app] INFO: File Logging: '/open5gs/install/var/log/open5gs/sgwu.log' (../lib/app/ogs-init.c:147)
04/28 15:13:47.988: [pfcp] INFO: pfcp_server() [172.22.0.6]:8805 (../lib/pfcp/path.c:30)
04/28 15:13:47.988: [gtp] INFO: gtp_server() [172.22.0.6]:2152 (../lib/gtp/path.c:30)
04/28 15:13:47.988: [app] INFO: SGW-U initialize...done (../src/sgwu/app.c:31)
04/28 15:13:47.989: [sgwu] INFO: PFCP associated [172.22.0.5]:8805 (../src/sgwu/pfcp-sm.c:163)
04/28 15:13:50.398: [sgwu] WARNING: PFCP[REQ] has already been associated [172.22.0.5]:8805 (../src/sgwu/pfcp-sm.c:248)
04/28 15:14:22.659: [sgwu] INFO: UE F-SEID[UP:0x811 CP:0x466] (../src/sgwu/context.c:170)
04/28 15:14:22.659: [sgwu] INFO: [Added] Number of SGWU-Sessions is now 1 (../src/sgwu/context.c:175)
04/28 15:14:22.662: [gtp] INFO: gtp_connect() [172.22.0.8]:2152 (../lib/gtp/path.c:60)
04/28 15:14:22.922: [gtp] INFO: gtp_connect() [172.22.0.50]:2152 (../lib/gtp/path.c:60)
04/28 15:14:23.099: [sgwu] INFO: UE F-SEID[UP:0x2ed CP:0xde3] (../src/sgwu/context.c:170)
04/28 15:14:23.099: [sgwu] INFO: [Added] Number of SGWU-Sessions is now 2 (../src/sgwu/context.c:175)
04/28 15:17:50.444: [sgwu] INFO: UE F-SEID[UP:0x2f2 CP:0xc8d] (../src/sgwu/context.c:170)
04/28 15:17:50.444: [sgwu] INFO: [Added] Number of SGWU-Sessions is now 3 (../src/sgwu/context.c:175)
04/28 15:18:49.103: [sgwu] INFO: [Removed] Number of SGWU-sessions is now 2 (../src/sgwu/context.c:201)
04/28 15:18:49.882: [sgwu] INFO: UE F-SEID[UP:0xf07 CP:0x31d] (../src/sgwu/context.c:170)
04/28 15:18:49.882: [sgwu] INFO: [Added] Number of SGWU-Sessions is now 3 (../src/sgwu/context.c:175)
04/28 15:18:59.103: [sgwu] INFO: [Removed] Number of SGWU-sessions is now 2 (../src/sgwu/context.c:201)
04/28 15:19:38.681: [sgwu] INFO: UE F-SEID[UP:0x6e9 CP:0x19] (../src/sgwu/context.c:170)
04/28 15:19:38.681: [sgwu] INFO: [Added] Number of SGWU-Sessions is now 3 (../src/sgwu/context.c:175)
04/28 15:20:20.624: [sgwu] INFO: [Removed] Number of SGWU-sessions is now 2 (../src/sgwu/context.c:201)
04/28 15:20:21.624: [sgwu] INFO: [Removed] Number of SGWU-sessions is now 1 (../src/sgwu/context.c:201)
04/28 15:20:34.702: [sgwu] INFO: UE F-SEID[UP:0xfe0 CP:0x21] (../src/sgwu/context.c:170)
04/28 15:20:34.702: [sgwu] INFO: [Added] Number of SGWU-Sessions is now 2 (../src/sgwu/context.c:175)
04/28 15:20:35.662: [sgwu] INFO: UE F-SEID[UP:0x99a CP:0x24d] (../src/sgwu/context.c:170)
04/28 15:20:35.662: [sgwu] INFO: [Added] Number of SGWU-Sessions is now 3 (../src/sgwu/context.c:175)
04/28 15:20:59.823: [sgwu] INFO: [Removed] Number of SGWU-sessions is now 2 (../src/sgwu/context.c:201)
04/28 15:21:00.028: [sgwu] INFO: [Removed] Number of SGWU-sessions is now 1 (../src/sgwu/context.c:201)
04/28 15:21:01.282: [sgwu] INFO: UE F-SEID[UP:0xc49 CP:0xc1a] (../src/sgwu/context.c:170)
04/28 15:21:01.282: [sgwu] INFO: [Added] Number of SGWU-Sessions is now 2 (../src/sgwu/context.c:175)
04/28 15:21:02.062: [sgwu] INFO: UE F-SEID[UP:0x3c CP:0x749] (../src/sgwu/context.c:170)
04/28 15:21:02.062: [sgwu] INFO: [Added] Number of SGWU-Sessions is now 3 (../src/sgwu/context.c:175)
04/28 15:23:34.103: [sgwu] INFO: [Removed] Number of SGWU-sessions is now 2 (../src/sgwu/context.c:201)
04/28 15:23:34.682: [sgwu] INFO: UE F-SEID[UP:0x58d CP:0x982] (../src/sgwu/context.c:170)
04/28 15:23:34.682: [sgwu] INFO: [Added] Number of SGWU-Sessions is now 3 (../src/sgwu/context.c:175)
04/28 15:32:22.651: [sgwu] INFO: [Removed] Number of SGWU-sessions is now 2 (../src/sgwu/context.c:201)
04/28 15:32:23.603: [sgwu] INFO: [Removed] Number of SGWU-sessions is now 1 (../src/sgwu/context.c:201)
04/28 15:32:30.122: [sgwu] INFO: [Removed] Number of SGWU-sessions is now 0 (../src/sgwu/context.c:201)
04/28 15:33:03.978: [sgwu] INFO: UE F-SEID[UP:0x26a CP:0x48e] (../src/sgwu/context.c:170)
04/28 15:33:03.978: [sgwu] INFO: [Added] Number of SGWU-Sessions is now 1 (../src/sgwu/context.c:175)
04/28 15:33:04.418: [sgwu] INFO: UE F-SEID[UP:0x25d CP:0xaf5] (../src/sgwu/context.c:170)
04/28 15:33:04.418: [sgwu] INFO: [Added] Number of SGWU-Sessions is now 2 (../src/sgwu/context.c:175)
04/28 15:35:26.176: [sgwu] INFO: UE F-SEID[UP:0x65e CP:0x288] (../src/sgwu/context.c:170)
04/28 15:35:26.176: [sgwu] INFO: [Added] Number of SGWU-Sessions is now 3 (../src/sgwu/context.c:175)
04/28 15:35:26.856: [sgwu] INFO: UE F-SEID[UP:0xb56 CP:0xbe2] (../src/sgwu/context.c:170)
04/28 15:35:26.856: [sgwu] INFO: [Added] Number of SGWU-Sessions is now 4 (../src/sgwu/context.c:175)
04/28 15:37:27.563: [sgwu] INFO: [Removed] Number of SGWU-sessions is now 3 (../src/sgwu/context.c:201)
04/28 15:37:28.415: [sgwu] INFO: UE F-SEID[UP:0xb59 CP:0x774] (../src/sgwu/context.c:170)
04/28 15:37:28.415: [sgwu] INFO: [Added] Number of SGWU-Sessions is now 4 (../src/sgwu/context.c:175)
04/28 15:37:36.576: [sgwu] INFO: [Removed] Number of SGWU-sessions is now 3 (../src/sgwu/context.c:201)
04/28 15:37:36.576: [sgwu] INFO: [Removed] Number of SGWU-sessions is now 2 (../src/sgwu/context.c:201)
04/28 15:38:32.457: [sgwu] INFO: UE F-SEID[UP:0x91c CP:0x3e9] (../src/sgwu/context.c:170)
04/28 15:38:32.457: [sgwu] INFO: [Added] Number of SGWU-Sessions is now 3 (../src/sgwu/context.c:175)
04/28 15:38:33.254: [sgwu] INFO: UE F-SEID[UP:0x1c9 CP:0xdbc] (../src/sgwu/context.c:170)
04/28 15:38:33.254: [sgwu] INFO: [Added] Number of SGWU-Sessions is now 4 (../src/sgwu/context.c:175)
04/28 15:40:11.416: [sgwu] INFO: [Removed] Number of SGWU-sessions is now 3 (../src/sgwu/context.c:201)
04/28 15:40:14.574: [sgwu] INFO: UE F-SEID[UP:0x39e CP:0x246] (../src/sgwu/context.c:170)
04/28 15:40:14.574: [sgwu] INFO: [Added] Number of SGWU-Sessions is now 4 (../src/sgwu/context.c:175)
04/28 15:40:30.156: [sgwu] INFO: [Removed] Number of SGWU-sessions is now 3 (../src/sgwu/context.c:201)
04/28 15:40:30.364: [sgwu] INFO: [Removed] Number of SGWU-sessions is now 2 (../src/sgwu/context.c:201)
04/28 15:40:30.618: [sgwu] INFO: UE F-SEID[UP:0x9a8 CP:0xa19] (../src/sgwu/context.c:170)
04/28 15:40:30.618: [sgwu] INFO: [Added] Number of SGWU-Sessions is now 3 (../src/sgwu/context.c:175)
04/28 15:40:31.474: [sgwu] INFO: UE F-SEID[UP:0x219 CP:0xc95] (../src/sgwu/context.c:170)
04/28 15:40:31.474: [sgwu] INFO: [Added] Number of SGWU-Sessions is now 4 (../src/sgwu/context.c:175)
04/28 15:40:33.196: [sgwu] INFO: [Removed] Number of SGWU-sessions is now 3 (../src/sgwu/context.c:201)
04/28 15:40:33.197: [sgwu] INFO: [Removed] Number of SGWU-sessions is now 2 (../src/sgwu/context.c:201)
04/28 15:40:40.914: [sgwu] INFO: UE F-SEID[UP:0x473 CP:0x2a8] (../src/sgwu/context.c:170)
04/28 15:40:40.914: [sgwu] INFO: [Added] Number of SGWU-Sessions is now 3 (../src/sgwu/context.c:175)
04/28 15:40:41.674: [sgwu] INFO: UE F-SEID[UP:0x764 CP:0x518] (../src/sgwu/context.c:170)
04/28 15:40:41.674: [sgwu] INFO: [Added] Number of SGWU-Sessions is now 4 (../src/sgwu/context.c:175)
04/28 15:41:08.817: [sgwu] INFO: [Removed] Number of SGWU-sessions is now 3 (../src/sgwu/context.c:201)
04/28 15:41:08.817: [sgwu] INFO: [Removed] Number of SGWU-sessions is now 2 (../src/sgwu/context.c:201)
04/28 15:41:17.714: [sgwu] INFO: UE F-SEID[UP:0xf45 CP:0xe2c] (../src/sgwu/context.c:170)
04/28 15:41:17.715: [sgwu] INFO: [Added] Number of SGWU-Sessions is now 3 (../src/sgwu/context.c:175)
04/28 15:41:18.274: [sgwu] INFO: UE F-SEID[UP:0x91b CP:0x1b2] (../src/sgwu/context.c:170)
04/28 15:41:18.274: [sgwu] INFO: [Added] Number of SGWU-Sessions is now 4 (../src/sgwu/context.c:175)
04/28 15:42:46.077: [sgwu] INFO: [Removed] Number of SGWU-sessions is now 3 (../src/sgwu/context.c:201)
04/28 15:42:46.077: [sgwu] INFO: [Removed] Number of SGWU-sessions is now 2 (../src/sgwu/context.c:201)
04/28 15:43:21.959: [sgwu] INFO: UE F-SEID[UP:0x691 CP:0xf86] (../src/sgwu/context.c:170)
04/28 15:43:21.959: [sgwu] INFO: [Added] Number of SGWU-Sessions is now 3 (../src/sgwu/context.c:175)
04/28 15:43:22.258: [sgwu] INFO: UE F-SEID[UP:0x958 CP:0x181] (../src/sgwu/context.c:170)
04/28 15:43:22.258: [sgwu] INFO: [Added] Number of SGWU-Sessions is now 4 (../src/sgwu/context.c:175)
Open5GS daemon v2.7.6-78-g47d0062

04/30 08:30:57.497: [app] INFO: Configuration: '/open5gs/install/etc/open5gs/sgwu.yaml' (../lib/app/ogs-init.c:144)
04/30 08:30:57.497: [app] INFO: File Logging: '/open5gs/install/var/log/open5gs/sgwu.log' (../lib/app/ogs-init.c:147)
04/30 08:30:57.541: [pfcp] INFO: pfcp_server() [172.22.0.6]:8805 (../lib/pfcp/path.c:30)
04/30 08:30:57.542: [gtp] INFO: gtp_server() [172.22.0.6]:2152 (../lib/gtp/path.c:30)
04/30 08:30:57.542: [app] INFO: SGW-U initialize...done (../src/sgwu/app.c:31)
04/30 08:30:57.542: [sgwu] INFO: PFCP associated [172.22.0.5]:8805 (../src/sgwu/pfcp-sm.c:163)
04/30 08:30:59.988: [sgwu] WARNING: PFCP[REQ] has already been associated [172.22.0.5]:8805 (../src/sgwu/pfcp-sm.c:248)
04/30 08:35:01.249: [sgwu] INFO: UE F-SEID[UP:0xe20 CP:0xcd5] (../src/sgwu/context.c:170)
04/30 08:35:01.249: [sgwu] INFO: [Added] Number of SGWU-Sessions is now 1 (../src/sgwu/context.c:175)
04/30 08:35:01.253: [gtp] INFO: gtp_connect() [172.22.0.8]:2152 (../lib/gtp/path.c:60)
04/30 08:35:01.510: [gtp] INFO: gtp_connect() [172.22.0.50]:2152 (../lib/gtp/path.c:60)
04/30 08:35:01.511: [sgwu] INFO: UE F-SEID[UP:0x9aa CP:0x389] (../src/sgwu/context.c:170)
04/30 08:35:01.511: [sgwu] INFO: [Added] Number of SGWU-Sessions is now 2 (../src/sgwu/context.c:175)
04/30 08:35:01.928: [sgwu] INFO: [Removed] Number of SGWU-sessions is now 1 (../src/sgwu/context.c:201)
04/30 08:36:13.271: [sgwu] INFO: UE F-SEID[UP:0xaf1 CP:0x669] (../src/sgwu/context.c:170)
04/30 08:36:13.271: [sgwu] INFO: [Added] Number of SGWU-Sessions is now 2 (../src/sgwu/context.c:175)
04/30 08:36:13.669: [sgwu] INFO: UE F-SEID[UP:0x545 CP:0x2c] (../src/sgwu/context.c:170)
04/30 08:36:13.669: [sgwu] INFO: [Added] Number of SGWU-Sessions is now 3 (../src/sgwu/context.c:175)
04/30 08:36:44.711: [sgwu] INFO: [Removed] Number of SGWU-sessions is now 2 (../src/sgwu/context.c:201)
04/30 09:48:34.946: [core] ERROR: epoll failed (4:Interrupted system call) (../lib/core/ogs-epoll.c:221)
Open5GS daemon v2.7.6-78-g47d0062

05/02 07:51:18.201: [app] INFO: Configuration: '/open5gs/install/etc/open5gs/sgwu.yaml' (../lib/app/ogs-init.c:144)
05/02 07:51:18.201: [app] INFO: File Logging: '/open5gs/install/var/log/open5gs/sgwu.log' (../lib/app/ogs-init.c:147)
05/02 07:51:18.247: [pfcp] INFO: pfcp_server() [172.22.0.6]:8805 (../lib/pfcp/path.c:30)
05/02 07:51:18.247: [gtp] INFO: gtp_server() [172.22.0.6]:2152 (../lib/gtp/path.c:30)
05/02 07:51:18.247: [app] INFO: SGW-U initialize...done (../src/sgwu/app.c:31)
05/02 07:51:18.248: [sgwu] INFO: PFCP associated [172.22.0.5]:8805 (../src/sgwu/pfcp-sm.c:163)
05/02 07:51:20.662: [sgwu] WARNING: PFCP[REQ] has already been associated [172.22.0.5]:8805 (../src/sgwu/pfcp-sm.c:248)
05/02 07:53:18.908: [sgwu] INFO: UE F-SEID[UP:0x99b CP:0x8fe] (../src/sgwu/context.c:170)
05/02 07:53:18.908: [sgwu] INFO: [Added] Number of SGWU-Sessions is now 1 (../src/sgwu/context.c:175)
05/02 07:53:18.911: [gtp] INFO: gtp_connect() [172.22.0.8]:2152 (../lib/gtp/path.c:60)
05/02 07:53:19.167: [gtp] INFO: gtp_connect() [172.22.0.50]:2152 (../lib/gtp/path.c:60)
05/02 07:53:19.167: [sgwu] INFO: UE F-SEID[UP:0x507 CP:0x99a] (../src/sgwu/context.c:170)
05/02 07:53:19.167: [sgwu] INFO: [Added] Number of SGWU-Sessions is now 2 (../src/sgwu/context.c:175)
05/02 07:53:19.584: [sgwu] INFO: [Removed] Number of SGWU-sessions is now 1 (../src/sgwu/context.c:201)
05/02 07:53:26.790: [sgwu] INFO: UE F-SEID[UP:0xd68 CP:0x524] (../src/sgwu/context.c:170)
05/02 07:53:26.790: [sgwu] INFO: [Added] Number of SGWU-Sessions is now 2 (../src/sgwu/context.c:175)
05/02 07:54:09.589: [sgwu] INFO: [Removed] Number of SGWU-sessions is now 1 (../src/sgwu/context.c:201)
05/02 07:54:10.348: [sgwu] INFO: UE F-SEID[UP:0x9dd CP:0xde0] (../src/sgwu/context.c:170)
05/02 07:54:10.348: [sgwu] INFO: [Added] Number of SGWU-Sessions is now 2 (../src/sgwu/context.c:175)
05/02 08:03:46.982: [sgwu] INFO: [Removed] Number of SGWU-sessions is now 1 (../src/sgwu/context.c:201)
05/02 08:03:57.506: [sgwu] INFO: [Removed] Number of SGWU-sessions is now 0 (../src/sgwu/context.c:201)
05/02 08:07:27.612: [sgwu] INFO: UE F-SEID[UP:0x5fe CP:0x52] (../src/sgwu/context.c:170)
05/02 08:07:27.612: [sgwu] INFO: [Added] Number of SGWU-Sessions is now 1 (../src/sgwu/context.c:175)
05/02 08:07:27.879: [sgwu] INFO: UE F-SEID[UP:0x2e4 CP:0xc2f] (../src/sgwu/context.c:170)
05/02 08:07:27.879: [sgwu] INFO: [Added] Number of SGWU-Sessions is now 2 (../src/sgwu/context.c:175)
05/02 08:09:09.714: [sgwu] INFO: UE F-SEID[UP:0x41e CP:0x94c] (../src/sgwu/context.c:170)
05/02 08:09:09.714: [sgwu] INFO: [Added] Number of SGWU-Sessions is now 3 (../src/sgwu/context.c:175)
05/02 08:09:23.815: [sgwu] INFO: [Removed] Number of SGWU-sessions is now 2 (../src/sgwu/context.c:201)
05/02 08:09:24.594: [sgwu] INFO: UE F-SEID[UP:0xc5f CP:0x312] (../src/sgwu/context.c:170)
05/02 08:09:24.594: [sgwu] INFO: [Added] Number of SGWU-Sessions is now 3 (../src/sgwu/context.c:175)
05/02 08:09:31.453: [sgwu] INFO: [Removed] Number of SGWU-sessions is now 2 (../src/sgwu/context.c:201)
05/02 08:09:31.454: [sgwu] INFO: [Removed] Number of SGWU-sessions is now 1 (../src/sgwu/context.c:201)
05/02 08:09:38.652: [sgwu] INFO: UE F-SEID[UP:0xef9 CP:0xe3b] (../src/sgwu/context.c:170)
05/02 08:09:38.652: [sgwu] INFO: [Added] Number of SGWU-Sessions is now 2 (../src/sgwu/context.c:175)
05/02 08:09:38.935: [sgwu] INFO: UE F-SEID[UP:0x276 CP:0x1f4] (../src/sgwu/context.c:170)
05/02 08:09:38.935: [sgwu] INFO: [Added] Number of SGWU-Sessions is now 3 (../src/sgwu/context.c:175)
05/02 08:14:59.920: [sgwu] INFO: [Removed] Number of SGWU-sessions is now 2 (../src/sgwu/context.c:201)
05/02 08:19:17.438: [sgwu] INFO: [Removed] Number of SGWU-sessions is now 1 (../src/sgwu/context.c:201)
05/02 08:19:17.438: [sgwu] INFO: [Removed] Number of SGWU-sessions is now 0 (../src/sgwu/context.c:201)
05/02 08:21:11.793: [sgwu] INFO: UE F-SEID[UP:0xa09 CP:0xcd] (../src/sgwu/context.c:170)
05/02 08:21:11.793: [sgwu] INFO: [Added] Number of SGWU-Sessions is now 1 (../src/sgwu/context.c:175)
05/02 08:21:12.634: [sgwu] INFO: UE F-SEID[UP:0xf03 CP:0x68a] (../src/sgwu/context.c:170)
05/02 08:21:12.634: [sgwu] INFO: [Added] Number of SGWU-Sessions is now 2 (../src/sgwu/context.c:175)
05/02 08:21:13.795: [sgwu] INFO: [Removed] Number of SGWU-sessions is now 1 (../src/sgwu/context.c:201)
05/02 08:21:13.795: [sgwu] INFO: [Removed] Number of SGWU-sessions is now 0 (../src/sgwu/context.c:201)
05/02 08:21:37.053: [sgwu] INFO: UE F-SEID[UP:0xdfc CP:0x82d] (../src/sgwu/context.c:170)
05/02 08:21:37.053: [sgwu] INFO: [Added] Number of SGWU-Sessions is now 1 (../src/sgwu/context.c:175)
05/02 08:21:37.319: [sgwu] INFO: UE F-SEID[UP:0xe9f CP:0x644] (../src/sgwu/context.c:170)
05/02 08:21:37.319: [sgwu] INFO: [Added] Number of SGWU-Sessions is now 2 (../src/sgwu/context.c:175)
05/02 08:21:52.274: [sgwu] INFO: UE F-SEID[UP:0x9bc CP:0xd91] (../src/sgwu/context.c:170)
05/02 08:21:52.274: [sgwu] INFO: [Added] Number of SGWU-Sessions is now 3 (../src/sgwu/context.c:175)
05/02 08:21:52.984: [sgwu] INFO: UE F-SEID[UP:0xa30 CP:0x30e] (../src/sgwu/context.c:170)
05/02 08:21:52.984: [sgwu] INFO: [Added] Number of SGWU-Sessions is now 4 (../src/sgwu/context.c:175)
05/02 08:22:03.354: [sgwu] INFO: [Removed] Number of SGWU-sessions is now 3 (../src/sgwu/context.c:201)
05/02 08:22:03.354: [sgwu] INFO: [Removed] Number of SGWU-sessions is now 2 (../src/sgwu/context.c:201)
05/02 08:22:20.916: [sgwu] INFO: [Removed] Number of SGWU-sessions is now 1 (../src/sgwu/context.c:201)
05/02 08:22:20.916: [sgwu] INFO: [Removed] Number of SGWU-sessions is now 0 (../src/sgwu/context.c:201)
05/02 08:23:04.572: [sgwu] INFO: UE F-SEID[UP:0xf45 CP:0x1000] (../src/sgwu/context.c:170)
05/02 08:23:04.572: [sgwu] INFO: [Added] Number of SGWU-Sessions is now 1 (../src/sgwu/context.c:175)
05/02 08:23:04.839: [sgwu] INFO: UE F-SEID[UP:0x45d CP:0x20c] (../src/sgwu/context.c:170)
05/02 08:23:04.839: [sgwu] INFO: [Added] Number of SGWU-Sessions is now 2 (../src/sgwu/context.c:175)
05/02 08:23:29.814: [sgwu] INFO: UE F-SEID[UP:0x4e CP:0x670] (../src/sgwu/context.c:170)
05/02 08:23:29.814: [sgwu] INFO: [Added] Number of SGWU-Sessions is now 3 (../src/sgwu/context.c:175)
05/02 08:23:31.274: [sgwu] INFO: UE F-SEID[UP:0x118 CP:0x935] (../src/sgwu/context.c:170)
05/02 08:23:31.274: [sgwu] INFO: [Added] Number of SGWU-Sessions is now 4 (../src/sgwu/context.c:175)
05/02 08:26:33.093: [sgwu] INFO: [Removed] Number of SGWU-sessions is now 3 (../src/sgwu/context.c:201)
05/02 08:26:34.352: [sgwu] INFO: UE F-SEID[UP:0xb22 CP:0x3e9] (../src/sgwu/context.c:170)
05/02 08:26:34.352: [sgwu] INFO: [Added] Number of SGWU-Sessions is now 4 (../src/sgwu/context.c:175)
05/02 08:28:38.812: [sgwu] INFO: [Removed] Number of SGWU-sessions is now 3 (../src/sgwu/context.c:201)
05/02 08:28:38.812: [sgwu] INFO: [Removed] Number of SGWU-sessions is now 2 (../src/sgwu/context.c:201)
05/02 08:28:41.228: [sgwu] INFO: UE F-SEID[UP:0x7ed CP:0x799] (../src/sgwu/context.c:170)
05/02 08:28:41.228: [sgwu] INFO: [Added] Number of SGWU-Sessions is now 3 (../src/sgwu/context.c:175)
05/02 08:28:41.729: [sgwu] INFO: UE F-SEID[UP:0xe15 CP:0x9fe] (../src/sgwu/context.c:170)
05/02 08:28:41.729: [sgwu] INFO: [Added] Number of SGWU-Sessions is now 4 (../src/sgwu/context.c:175)
05/02 08:29:02.902: [sgwu] INFO: [Removed] Number of SGWU-sessions is now 3 (../src/sgwu/context.c:201)
05/02 08:29:02.902: [sgwu] INFO: [Removed] Number of SGWU-sessions is now 2 (../src/sgwu/context.c:201)
05/02 08:30:14.987: [sgwu] INFO: UE F-SEID[UP:0xb51 CP:0xe03] (../src/sgwu/context.c:170)
05/02 08:30:14.987: [sgwu] INFO: [Added] Number of SGWU-Sessions is now 3 (../src/sgwu/context.c:175)
05/02 08:30:16.988: [sgwu] INFO: UE F-SEID[UP:0x9b1 CP:0x698] (../src/sgwu/context.c:170)
05/02 08:30:16.988: [sgwu] INFO: [Added] Number of SGWU-Sessions is now 4 (../src/sgwu/context.c:175)
05/02 08:30:24.649: [sgwu] INFO: [Removed] Number of SGWU-sessions is now 3 (../src/sgwu/context.c:201)
05/02 08:30:29.648: [sgwu] INFO: UE F-SEID[UP:0xbe8 CP:0x91e] (../src/sgwu/context.c:170)
05/02 08:30:29.648: [sgwu] INFO: [Added] Number of SGWU-Sessions is now 4 (../src/sgwu/context.c:175)
05/02 08:30:46.030: [sgwu] INFO: [Removed] Number of SGWU-sessions is now 3 (../src/sgwu/context.c:201)
05/02 08:30:46.030: [sgwu] INFO: [Removed] Number of SGWU-sessions is now 2 (../src/sgwu/context.c:201)
05/02 08:30:52.250: [sgwu] INFO: UE F-SEID[UP:0xc86 CP:0x5ad] (../src/sgwu/context.c:170)
05/02 08:30:52.250: [sgwu] INFO: [Added] Number of SGWU-Sessions is now 3 (../src/sgwu/context.c:175)
05/02 08:30:52.511: [sgwu] INFO: UE F-SEID[UP:0x340 CP:0x736] (../src/sgwu/context.c:170)
05/02 08:30:52.511: [sgwu] INFO: [Added] Number of SGWU-Sessions is now 4 (../src/sgwu/context.c:175)
05/02 08:31:14.329: [sgwu] INFO: [Removed] Number of SGWU-sessions is now 3 (../src/sgwu/context.c:201)
05/02 08:31:14.329: [sgwu] INFO: [Removed] Number of SGWU-sessions is now 2 (../src/sgwu/context.c:201)
05/02 08:31:30.431: [sgwu] INFO: [Removed] Number of SGWU-sessions is now 1 (../src/sgwu/context.c:201)
05/02 08:31:30.431: [sgwu] INFO: [Removed] Number of SGWU-sessions is now 0 (../src/sgwu/context.c:201)
05/02 08:33:17.567: [sgwu] INFO: UE F-SEID[UP:0x153 CP:0x6f6] (../src/sgwu/context.c:170)
05/02 08:33:17.567: [sgwu] INFO: [Added] Number of SGWU-Sessions is now 1 (../src/sgwu/context.c:175)
05/02 08:33:18.827: [sgwu] INFO: UE F-SEID[UP:0x183 CP:0xd33] (../src/sgwu/context.c:170)
05/02 08:33:18.827: [sgwu] INFO: [Added] Number of SGWU-Sessions is now 2 (../src/sgwu/context.c:175)
05/02 08:36:03.128: [sgwu] INFO: UE F-SEID[UP:0x9b6 CP:0x78b] (../src/sgwu/context.c:170)
05/02 08:36:03.128: [sgwu] INFO: [Added] Number of SGWU-Sessions is now 3 (../src/sgwu/context.c:175)
05/02 08:36:03.391: [sgwu] INFO: UE F-SEID[UP:0x111 CP:0x410] (../src/sgwu/context.c:170)
05/02 08:36:03.391: [sgwu] INFO: [Added] Number of SGWU-Sessions is now 4 (../src/sgwu/context.c:175)
05/02 09:46:22.087: [sgwu] INFO: [Removed] Number of SGWU-sessions is now 3 (../src/sgwu/context.c:201)
05/02 09:46:24.227: [sgwu] INFO: [Removed] Number of SGWU-sessions is now 2 (../src/sgwu/context.c:201)
05/02 09:46:27.265: [sgwu] INFO: UE F-SEID[UP:0x13c CP:0x51b] (../src/sgwu/context.c:170)
05/02 09:46:27.265: [sgwu] INFO: [Added] Number of SGWU-Sessions is now 3 (../src/sgwu/context.c:175)
05/02 09:46:27.665: [sgwu] INFO: UE F-SEID[UP:0x12d CP:0x690] (../src/sgwu/context.c:170)
05/02 09:46:27.665: [sgwu] INFO: [Added] Number of SGWU-Sessions is now 4 (../src/sgwu/context.c:175)
05/02 10:05:09.309: [sgwu] INFO: [Removed] Number of SGWU-sessions is now 3 (../src/sgwu/context.c:201)
Open5GS daemon v2.7.6-78-g47d0062

05/02 10:17:28.573: [app] INFO: Configuration: '/open5gs/install/etc/open5gs/sgwu.yaml' (../lib/app/ogs-init.c:144)
05/02 10:17:28.573: [app] INFO: File Logging: '/open5gs/install/var/log/open5gs/sgwu.log' (../lib/app/ogs-init.c:147)
05/02 10:17:28.624: [pfcp] INFO: pfcp_server() [172.22.0.6]:8805 (../lib/pfcp/path.c:30)
05/02 10:17:28.625: [gtp] INFO: gtp_server() [172.22.0.6]:2152 (../lib/gtp/path.c:30)
05/02 10:17:28.625: [app] INFO: SGW-U initialize...done (../src/sgwu/app.c:31)
05/02 10:17:28.625: [sgwu] INFO: PFCP associated [172.22.0.5]:8805 (../src/sgwu/pfcp-sm.c:163)
05/02 10:17:31.018: [sgwu] WARNING: PFCP[REQ] has already been associated [172.22.0.5]:8805 (../src/sgwu/pfcp-sm.c:248)
05/02 10:18:32.193: [sgwu] INFO: UE F-SEID[UP:0xac1 CP:0x47d] (../src/sgwu/context.c:170)
05/02 10:18:32.193: [sgwu] INFO: [Added] Number of SGWU-Sessions is now 1 (../src/sgwu/context.c:175)
05/02 10:18:32.196: [gtp] INFO: gtp_connect() [172.22.0.8]:2152 (../lib/gtp/path.c:60)
05/02 10:18:32.455: [gtp] INFO: gtp_connect() [172.22.0.50]:2152 (../lib/gtp/path.c:60)
05/02 10:20:46.495: [sgwu] INFO: UE F-SEID[UP:0x96c CP:0x17c] (../src/sgwu/context.c:170)
05/02 10:20:46.495: [sgwu] INFO: [Added] Number of SGWU-Sessions is now 2 (../src/sgwu/context.c:175)
05/02 10:20:52.836: [sgwu] INFO: UE F-SEID[UP:0xac5 CP:0xdfc] (../src/sgwu/context.c:170)
05/02 10:20:52.836: [sgwu] INFO: [Added] Number of SGWU-Sessions is now 3 (../src/sgwu/context.c:175)
05/02 10:20:53.095: [sgwu] INFO: UE F-SEID[UP:0x35 CP:0x189] (../src/sgwu/context.c:170)
05/02 10:20:53.095: [sgwu] INFO: [Added] Number of SGWU-Sessions is now 4 (../src/sgwu/context.c:175)
05/02 10:21:22.315: [sgwu] INFO: [Removed] Number of SGWU-sessions is now 3 (../src/sgwu/context.c:201)
05/02 10:21:22.315: [sgwu] INFO: [Removed] Number of SGWU-sessions is now 2 (../src/sgwu/context.c:201)
05/02 10:21:27.912: [sgwu] INFO: [Removed] Number of SGWU-sessions is now 1 (../src/sgwu/context.c:201)
05/02 10:21:28.120: [sgwu] INFO: [Removed] Number of SGWU-sessions is now 0 (../src/sgwu/context.c:201)
05/02 10:21:38.951: [sgwu] INFO: UE F-SEID[UP:0x808 CP:0xfd8] (../src/sgwu/context.c:170)
05/02 10:21:38.951: [sgwu] INFO: [Added] Number of SGWU-Sessions is now 1 (../src/sgwu/context.c:175)
05/02 10:21:39.215: [sgwu] INFO: UE F-SEID[UP:0x1ad CP:0xecd] (../src/sgwu/context.c:170)
05/02 10:21:39.215: [sgwu] INFO: [Added] Number of SGWU-Sessions is now 2 (../src/sgwu/context.c:175)
05/02 10:21:44.433: [sgwu] INFO: UE F-SEID[UP:0x568 CP:0x78c] (../src/sgwu/context.c:170)
05/02 10:21:44.433: [sgwu] INFO: [Added] Number of SGWU-Sessions is now 3 (../src/sgwu/context.c:175)
05/02 10:21:44.932: [sgwu] INFO: UE F-SEID[UP:0x9c6 CP:0x8e] (../src/sgwu/context.c:170)
05/02 10:21:44.932: [sgwu] INFO: [Added] Number of SGWU-Sessions is now 4 (../src/sgwu/context.c:175)
05/02 10:24:32.360: [sgwu] INFO: [Removed] Number of SGWU-sessions is now 3 (../src/sgwu/context.c:201)
05/02 10:24:33.272: [sgwu] INFO: UE F-SEID[UP:0xfbd CP:0xac8] (../src/sgwu/context.c:170)
05/02 10:24:33.272: [sgwu] INFO: [Added] Number of SGWU-Sessions is now 4 (../src/sgwu/context.c:175)
05/02 11:06:44.504: [sgwu] INFO: [Removed] Number of SGWU-sessions is now 3 (../src/sgwu/context.c:201)
05/02 11:17:07.210: [sgwu] INFO: [Removed] Number of SGWU-sessions is now 2 (../src/sgwu/context.c:201)
05/02 11:17:07.949: [sgwu] INFO: UE F-SEID[UP:0xad9 CP:0x56a] (../src/sgwu/context.c:170)
05/02 11:17:07.949: [sgwu] INFO: [Added] Number of SGWU-Sessions is now 3 (../src/sgwu/context.c:175)
05/02 11:17:08.215: [sgwu] INFO: UE F-SEID[UP:0xa29 CP:0x279] (../src/sgwu/context.c:170)
05/02 11:17:08.215: [sgwu] INFO: [Added] Number of SGWU-Sessions is now 4 (../src/sgwu/context.c:175)
05/02 11:20:55.393: [sgwu] INFO: [Removed] Number of SGWU-sessions is now 3 (../src/sgwu/context.c:201)
05/02 11:20:55.394: [sgwu] INFO: [Removed] Number of SGWU-sessions is now 2 (../src/sgwu/context.c:201)
05/02 11:20:59.891: [sgwu] INFO: [Removed] Number of SGWU-sessions is now 1 (../src/sgwu/context.c:201)
05/02 11:21:00.771: [sgwu] INFO: [Removed] Number of SGWU-sessions is now 0 (../src/sgwu/context.c:201)
05/02 11:22:48.795: [sgwu] INFO: UE F-SEID[UP:0x92a CP:0xd39] (../src/sgwu/context.c:170)
05/02 11:22:48.795: [sgwu] INFO: [Added] Number of SGWU-Sessions is now 1 (../src/sgwu/context.c:175)
05/02 11:22:49.215: [sgwu] INFO: UE F-SEID[UP:0x104 CP:0x3a7] (../src/sgwu/context.c:170)
05/02 11:22:49.215: [sgwu] INFO: [Added] Number of SGWU-Sessions is now 2 (../src/sgwu/context.c:175)
05/02 11:22:58.197: [sgwu] INFO: UE F-SEID[UP:0x3e CP:0x4b3] (../src/sgwu/context.c:170)
05/02 11:22:58.197: [sgwu] INFO: [Added] Number of SGWU-Sessions is now 3 (../src/sgwu/context.c:175)
05/02 11:22:58.463: [sgwu] INFO: UE F-SEID[UP:0xd0c CP:0x1f2] (../src/sgwu/context.c:170)
05/02 11:22:58.463: [sgwu] INFO: [Added] Number of SGWU-Sessions is now 4 (../src/sgwu/context.c:175)
05/02 11:39:37.731: [sgwu] INFO: [Removed] Number of SGWU-sessions is now 3 (../src/sgwu/context.c:201)
05/02 11:39:39.871: [sgwu] INFO: [Removed] Number of SGWU-sessions is now 2 (../src/sgwu/context.c:201)
05/02 11:39:42.729: [sgwu] INFO: UE F-SEID[UP:0xc50 CP:0x61f] (../src/sgwu/context.c:170)
05/02 11:39:42.729: [sgwu] INFO: [Added] Number of SGWU-Sessions is now 3 (../src/sgwu/context.c:175)
05/02 11:39:43.149: [sgwu] INFO: UE F-SEID[UP:0x441 CP:0x32d] (../src/sgwu/context.c:170)
05/02 11:39:43.149: [sgwu] INFO: [Added] Number of SGWU-Sessions is now 4 (../src/sgwu/context.c:175)
05/02 11:40:46.851: [sgwu] INFO: [Removed] Number of SGWU-sessions is now 3 (../src/sgwu/context.c:201)
05/02 11:40:47.811: [sgwu] INFO: [Removed] Number of SGWU-sessions is now 2 (../src/sgwu/context.c:201)
05/02 11:40:51.053: [sgwu] INFO: [Removed] Number of SGWU-sessions is now 1 (../src/sgwu/context.c:201)
05/02 11:40:51.053: [sgwu] INFO: [Removed] Number of SGWU-sessions is now 0 (../src/sgwu/context.c:201)
05/02 11:41:21.889: [sgwu] INFO: UE F-SEID[UP:0xcc1 CP:0xa64] (../src/sgwu/context.c:170)
05/02 11:41:21.889: [sgwu] INFO: [Added] Number of SGWU-Sessions is now 1 (../src/sgwu/context.c:175)
05/02 11:41:22.151: [sgwu] INFO: UE F-SEID[UP:0xf01 CP:0x6cf] (../src/sgwu/context.c:170)
05/02 11:41:22.151: [sgwu] INFO: [Added] Number of SGWU-Sessions is now 2 (../src/sgwu/context.c:175)
05/02 11:41:30.731: [sgwu] INFO: UE F-SEID[UP:0xf CP:0x3d1] (../src/sgwu/context.c:170)
05/02 11:41:30.731: [sgwu] INFO: [Added] Number of SGWU-Sessions is now 3 (../src/sgwu/context.c:175)
05/02 11:41:31.111: [sgwu] INFO: UE F-SEID[UP:0xb61 CP:0x1b9] (../src/sgwu/context.c:170)
05/02 11:41:31.111: [sgwu] INFO: [Added] Number of SGWU-Sessions is now 4 (../src/sgwu/context.c:175)
05/02 11:53:20.383: [sgwu] INFO: [Removed] Number of SGWU-sessions is now 3 (../src/sgwu/context.c:201)
05/02 11:53:20.383: [sgwu] INFO: [Removed] Number of SGWU-sessions is now 2 (../src/sgwu/context.c:201)
05/02 11:53:20.521: [sgwu] INFO: UE F-SEID[UP:0xbcc CP:0xc9a] (../src/sgwu/context.c:170)
05/02 11:53:20.521: [sgwu] INFO: [Added] Number of SGWU-Sessions is now 3 (../src/sgwu/context.c:175)
05/02 11:53:21.021: [sgwu] INFO: UE F-SEID[UP:0x41e CP:0x851] (../src/sgwu/context.c:170)
05/02 11:53:21.021: [sgwu] INFO: [Added] Number of SGWU-Sessions is now 4 (../src/sgwu/context.c:175)
05/02 12:16:09.926: [sgwu] INFO: [Removed] Number of SGWU-sessions is now 3 (../src/sgwu/context.c:201)
05/02 12:16:09.926: [sgwu] INFO: [Removed] Number of SGWU-sessions is now 2 (../src/sgwu/context.c:201)
05/02 12:16:13.405: [sgwu] INFO: UE F-SEID[UP:0x825 CP:0xed] (../src/sgwu/context.c:170)
05/02 12:16:13.405: [sgwu] INFO: [Added] Number of SGWU-Sessions is now 3 (../src/sgwu/context.c:175)
05/02 12:16:13.671: [sgwu] INFO: UE F-SEID[UP:0xe21 CP:0x37c] (../src/sgwu/context.c:170)
05/02 12:16:13.671: [sgwu] INFO: [Added] Number of SGWU-Sessions is now 4 (../src/sgwu/context.c:175)
05/02 12:16:14.088: [sgwu] INFO: [Removed] Number of SGWU-sessions is now 3 (../src/sgwu/context.c:201)
05/02 12:16:39.306: [sgwu] INFO: [Removed] Number of SGWU-sessions is now 2 (../src/sgwu/context.c:201)
05/02 12:16:47.805: [sgwu] INFO: UE F-SEID[UP:0x8c2 CP:0x12a] (../src/sgwu/context.c:170)
05/02 12:16:47.805: [sgwu] INFO: [Added] Number of SGWU-Sessions is now 3 (../src/sgwu/context.c:175)
05/02 12:16:48.071: [sgwu] INFO: UE F-SEID[UP:0x1f CP:0x70a] (../src/sgwu/context.c:170)
05/02 12:16:48.071: [sgwu] INFO: [Added] Number of SGWU-Sessions is now 4 (../src/sgwu/context.c:175)
05/02 12:16:54.284: [sgwu] INFO: [Removed] Number of SGWU-sessions is now 3 (../src/sgwu/context.c:201)
05/02 12:16:55.264: [sgwu] INFO: [Removed] Number of SGWU-sessions is now 2 (../src/sgwu/context.c:201)
05/02 12:17:00.002: [sgwu] INFO: UE F-SEID[UP:0x161 CP:0xfe7] (../src/sgwu/context.c:170)
05/02 12:17:00.002: [sgwu] INFO: [Added] Number of SGWU-Sessions is now 3 (../src/sgwu/context.c:175)
05/02 12:17:00.462: [sgwu] INFO: UE F-SEID[UP:0x2bc CP:0xfe3] (../src/sgwu/context.c:170)
05/02 12:17:00.462: [sgwu] INFO: [Added] Number of SGWU-Sessions is now 4 (../src/sgwu/context.c:175)
05/02 12:24:25.986: [sgwu] INFO: [Removed] Number of SGWU-sessions is now 3 (../src/sgwu/context.c:201)
05/02 12:24:25.986: [sgwu] INFO: [Removed] Number of SGWU-sessions is now 2 (../src/sgwu/context.c:201)
05/02 12:24:38.946: [sgwu] INFO: [Removed] Number of SGWU-sessions is now 1 (../src/sgwu/context.c:201)
05/02 12:24:39.152: [sgwu] INFO: [Removed] Number of SGWU-sessions is now 0 (../src/sgwu/context.c:201)
05/02 12:24:39.359: [sgwu] INFO: UE F-SEID[UP:0xf41 CP:0x24c] (../src/sgwu/context.c:170)
05/02 12:24:39.359: [sgwu] INFO: [Added] Number of SGWU-Sessions is now 1 (../src/sgwu/context.c:175)
05/02 12:24:39.607: [sgwu] INFO: UE F-SEID[UP:0x6cb CP:0x31a] (../src/sgwu/context.c:170)
05/02 12:24:39.607: [sgwu] INFO: [Added] Number of SGWU-Sessions is now 2 (../src/sgwu/context.c:175)
05/02 12:24:43.204: [sgwu] INFO: UE F-SEID[UP:0x709 CP:0xfa4] (../src/sgwu/context.c:170)
05/02 12:24:43.204: [sgwu] INFO: [Added] Number of SGWU-Sessions is now 3 (../src/sgwu/context.c:175)
05/02 12:24:43.663: [sgwu] INFO: UE F-SEID[UP:0xf77 CP:0xc67] (../src/sgwu/context.c:170)
05/02 12:24:43.663: [sgwu] INFO: [Added] Number of SGWU-Sessions is now 4 (../src/sgwu/context.c:175)
05/02 13:33:20.973: [sgwu] INFO: [Removed] Number of SGWU-sessions is now 3 (../src/sgwu/context.c:201)
05/02 13:33:23.101: [sgwu] INFO: [Removed] Number of SGWU-sessions is now 2 (../src/sgwu/context.c:201)
05/02 13:33:23.909: [sgwu] INFO: [Removed] Number of SGWU-sessions is now 1 (../src/sgwu/context.c:201)
05/02 13:33:23.909: [sgwu] INFO: [Removed] Number of SGWU-sessions is now 0 (../src/sgwu/context.c:201)
05/02 13:36:25.571: [sgwu] INFO: UE F-SEID[UP:0xd36 CP:0x445] (../src/sgwu/context.c:170)
05/02 13:36:25.571: [sgwu] INFO: [Added] Number of SGWU-Sessions is now 1 (../src/sgwu/context.c:175)
05/02 13:36:25.839: [sgwu] INFO: UE F-SEID[UP:0x789 CP:0x3a3] (../src/sgwu/context.c:170)
05/02 13:36:25.839: [sgwu] INFO: [Added] Number of SGWU-Sessions is now 2 (../src/sgwu/context.c:175)
05/02 13:36:26.256: [sgwu] INFO: [Removed] Number of SGWU-sessions is now 1 (../src/sgwu/context.c:201)
05/02 13:36:44.453: [sgwu] INFO: [Removed] Number of SGWU-sessions is now 0 (../src/sgwu/context.c:201)
05/02 13:37:16.611: [sgwu] INFO: UE F-SEID[UP:0xa49 CP:0x380] (../src/sgwu/context.c:170)
05/02 13:37:16.611: [sgwu] INFO: [Added] Number of SGWU-Sessions is now 1 (../src/sgwu/context.c:175)
05/02 13:37:16.879: [sgwu] INFO: UE F-SEID[UP:0xe56 CP:0xf59] (../src/sgwu/context.c:170)
05/02 13:37:16.879: [sgwu] INFO: [Added] Number of SGWU-Sessions is now 2 (../src/sgwu/context.c:175)
05/02 13:37:24.333: [sgwu] INFO: UE F-SEID[UP:0xc5e CP:0xa7a] (../src/sgwu/context.c:170)
05/02 13:37:24.333: [sgwu] INFO: [Added] Number of SGWU-Sessions is now 3 (../src/sgwu/context.c:175)
05/02 13:37:24.793: [sgwu] INFO: UE F-SEID[UP:0xbca CP:0x586] (../src/sgwu/context.c:170)
05/02 13:37:24.793: [sgwu] INFO: [Added] Number of SGWU-Sessions is now 4 (../src/sgwu/context.c:175)
05/02 13:43:48.754: [sgwu] INFO: [Removed] Number of SGWU-sessions is now 3 (../src/sgwu/context.c:201)
05/02 13:43:48.754: [sgwu] INFO: [Removed] Number of SGWU-sessions is now 2 (../src/sgwu/context.c:201)
05/02 13:44:04.231: [sgwu] INFO: [Removed] Number of SGWU-sessions is now 1 (../src/sgwu/context.c:201)
05/02 13:44:04.231: [sgwu] INFO: [Removed] Number of SGWU-sessions is now 0 (../src/sgwu/context.c:201)
Open5GS daemon v2.7.6-78-g47d0062

05/06 16:29:46.288: [app] INFO: Configuration: '/open5gs/install/etc/open5gs/sgwu.yaml' (../lib/app/ogs-init.c:144)
05/06 16:29:46.288: [app] INFO: File Logging: '/open5gs/install/var/log/open5gs/sgwu.log' (../lib/app/ogs-init.c:147)
05/06 16:29:46.343: [pfcp] INFO: pfcp_server() [172.22.0.6]:8805 (../lib/pfcp/path.c:30)
05/06 16:29:46.343: [gtp] INFO: gtp_server() [172.22.0.6]:2152 (../lib/gtp/path.c:30)
05/06 16:29:46.343: [app] INFO: SGW-U initialize...done (../src/sgwu/app.c:31)
05/06 16:29:46.343: [sgwu] INFO: PFCP associated [172.22.0.5]:8805 (../src/sgwu/pfcp-sm.c:163)
05/06 16:29:48.746: [sgwu] WARNING: PFCP[REQ] has already been associated [172.22.0.5]:8805 (../src/sgwu/pfcp-sm.c:248)
05/06 16:31:37.434: [sgwu] INFO: UE F-SEID[UP:0x4f2 CP:0x9b6] (../src/sgwu/context.c:170)
05/06 16:31:37.434: [sgwu] INFO: [Added] Number of SGWU-Sessions is now 1 (../src/sgwu/context.c:175)
05/06 16:31:37.437: [gtp] INFO: gtp_connect() [172.22.0.8]:2152 (../lib/gtp/path.c:60)
05/06 16:31:37.693: [gtp] INFO: gtp_connect() [172.22.0.50]:2152 (../lib/gtp/path.c:60)
05/06 16:31:37.693: [sgwu] INFO: UE F-SEID[UP:0x92e CP:0x402] (../src/sgwu/context.c:170)
05/06 16:31:37.693: [sgwu] INFO: [Added] Number of SGWU-Sessions is now 2 (../src/sgwu/context.c:175)
05/06 16:56:14.123: [sgwu] INFO: UE F-SEID[UP:0x6af CP:0xad2] (../src/sgwu/context.c:170)
05/06 16:56:14.123: [sgwu] INFO: [Added] Number of SGWU-Sessions is now 3 (../src/sgwu/context.c:175)
05/06 16:56:16.143: [sgwu] INFO: UE F-SEID[UP:0xabf CP:0x68f] (../src/sgwu/context.c:170)
05/06 16:56:16.143: [sgwu] INFO: [Added] Number of SGWU-Sessions is now 4 (../src/sgwu/context.c:175)
05/06 17:24:49.880: [sgwu] INFO: [Removed] Number of SGWU-sessions is now 3 (../src/sgwu/context.c:201)
05/06 17:24:49.880: [sgwu] INFO: [Removed] Number of SGWU-sessions is now 2 (../src/sgwu/context.c:201)
05/06 17:24:56.399: [sgwu] INFO: UE F-SEID[UP:0x409 CP:0xe48] (../src/sgwu/context.c:170)
05/06 17:24:56.399: [sgwu] INFO: [Added] Number of SGWU-Sessions is now 3 (../src/sgwu/context.c:175)
05/06 17:24:56.661: [sgwu] INFO: UE F-SEID[UP:0xd86 CP:0x55d] (../src/sgwu/context.c:170)
05/06 17:24:56.661: [sgwu] INFO: [Added] Number of SGWU-Sessions is now 4 (../src/sgwu/context.c:175)
05/06 17:25:55.828: [sgwu] INFO: [Removed] Number of SGWU-sessions is now 3 (../src/sgwu/context.c:201)
05/06 17:25:56.828: [sgwu] INFO: [Removed] Number of SGWU-sessions is now 2 (../src/sgwu/context.c:201)
05/06 17:26:12.406: [sgwu] INFO: [Removed] Number of SGWU-sessions is now 1 (../src/sgwu/context.c:201)
05/06 17:26:12.406: [sgwu] INFO: [Removed] Number of SGWU-sessions is now 0 (../src/sgwu/context.c:201)
05/06 17:26:12.407: [sgwu] INFO: UE F-SEID[UP:0xbdf CP:0x97f] (../src/sgwu/context.c:170)
05/06 17:26:12.407: [sgwu] INFO: [Added] Number of SGWU-Sessions is now 1 (../src/sgwu/context.c:175)
05/06 17:26:12.669: [sgwu] INFO: UE F-SEID[UP:0x6ab CP:0x32f] (../src/sgwu/context.c:170)
05/06 17:26:12.669: [sgwu] INFO: [Added] Number of SGWU-Sessions is now 2 (../src/sgwu/context.c:175)
05/06 17:26:34.042: [sgwu] INFO: UE F-SEID[UP:0x491 CP:0x887] (../src/sgwu/context.c:170)
05/06 17:26:34.042: [sgwu] INFO: [Added] Number of SGWU-Sessions is now 3 (../src/sgwu/context.c:175)
05/06 17:26:34.642: [sgwu] INFO: UE F-SEID[UP:0x319 CP:0x874] (../src/sgwu/context.c:170)
05/06 17:26:34.642: [sgwu] INFO: [Added] Number of SGWU-Sessions is now 4 (../src/sgwu/context.c:175)
05/06 17:27:17.025: [sgwu] INFO: [Removed] Number of SGWU-sessions is now 3 (../src/sgwu/context.c:201)
05/06 17:29:50.693: [sgwu] INFO: UE F-SEID[UP:0xe4 CP:0x6cb] (../src/sgwu/context.c:170)
05/06 17:29:50.693: [sgwu] INFO: [Added] Number of SGWU-Sessions is now 4 (../src/sgwu/context.c:175)
05/06 17:29:56.524: [sgwu] INFO: [Removed] Number of SGWU-sessions is now 3 (../src/sgwu/context.c:201)
05/06 17:29:57.485: [sgwu] INFO: [Removed] Number of SGWU-sessions is now 2 (../src/sgwu/context.c:201)
05/06 17:30:00.442: [sgwu] INFO: UE F-SEID[UP:0x858 CP:0x471] (../src/sgwu/context.c:170)
05/06 17:30:00.442: [sgwu] INFO: [Added] Number of SGWU-Sessions is now 3 (../src/sgwu/context.c:175)
05/06 17:30:00.843: [sgwu] INFO: UE F-SEID[UP:0x86d CP:0xd17] (../src/sgwu/context.c:170)
05/06 17:30:00.843: [sgwu] INFO: [Added] Number of SGWU-Sessions is now 4 (../src/sgwu/context.c:175)
05/06 17:49:59.712: [sgwu] INFO: [Removed] Number of SGWU-sessions is now 3 (../src/sgwu/context.c:201)
05/06 17:50:00.723: [sgwu] INFO: [Removed] Number of SGWU-sessions is now 2 (../src/sgwu/context.c:201)
05/06 17:50:02.264: [sgwu] ERROR: [DROP] Small GTPU packet(type:26 len:12) (../src/sgwu/gtp-path.c:100)
0000: 321a0008 00000016 00000000            2...........
05/06 17:50:02.328: [sgwu] ERROR: [DROP] Small GTPU packet(type:26 len:12) (../src/sgwu/gtp-path.c:100)
0000: 321a0008 00000016 00010000            2...........
05/06 17:50:03.279: [sgwu] INFO: [Removed] Number of SGWU-sessions is now 1 (../src/sgwu/context.c:201)
05/06 17:50:03.279: [sgwu] INFO: [Removed] Number of SGWU-sessions is now 0 (../src/sgwu/context.c:201)
05/06 17:50:27.598: [sgwu] INFO: UE F-SEID[UP:0x1e2 CP:0x34a] (../src/sgwu/context.c:170)
05/06 17:50:27.598: [sgwu] INFO: [Added] Number of SGWU-Sessions is now 1 (../src/sgwu/context.c:175)
05/06 17:50:27.861: [sgwu] INFO: UE F-SEID[UP:0xb4 CP:0x3cf] (../src/sgwu/context.c:170)
05/06 17:50:27.861: [sgwu] INFO: [Added] Number of SGWU-Sessions is now 2 (../src/sgwu/context.c:175)
05/06 17:50:36.599: [sgwu] INFO: UE F-SEID[UP:0xa5a CP:0x965] (../src/sgwu/context.c:170)
05/06 17:50:36.599: [sgwu] INFO: [Added] Number of SGWU-Sessions is now 3 (../src/sgwu/context.c:175)
05/06 17:50:37.080: [sgwu] INFO: UE F-SEID[UP:0x110 CP:0xf82] (../src/sgwu/context.c:170)
05/06 17:50:37.080: [sgwu] INFO: [Added] Number of SGWU-Sessions is now 4 (../src/sgwu/context.c:175)
05/06 18:44:15.966: [sgwu] INFO: [Removed] Number of SGWU-sessions is now 3 (../src/sgwu/context.c:201)
05/06 18:44:15.966: [sgwu] INFO: [Removed] Number of SGWU-sessions is now 2 (../src/sgwu/context.c:201)
05/06 18:44:17.503: [sgwu] INFO: [Removed] Number of SGWU-sessions is now 1 (../src/sgwu/context.c:201)
05/06 18:44:17.918: [sgwu] INFO: [Removed] Number of SGWU-sessions is now 0 (../src/sgwu/context.c:201)
05/06 18:44:26.820: [sgwu] INFO: UE F-SEID[UP:0x802 CP:0xdf7] (../src/sgwu/context.c:170)
05/06 18:44:26.820: [sgwu] INFO: [Added] Number of SGWU-Sessions is now 1 (../src/sgwu/context.c:175)
05/06 18:44:27.085: [sgwu] INFO: UE F-SEID[UP:0x2b6 CP:0x60a] (../src/sgwu/context.c:170)
05/06 18:44:27.085: [sgwu] INFO: [Added] Number of SGWU-Sessions is now 2 (../src/sgwu/context.c:175)
05/06 18:44:31.982: [sgwu] INFO: UE F-SEID[UP:0x7e CP:0x6e7] (../src/sgwu/context.c:170)
05/06 18:44:31.982: [sgwu] INFO: [Added] Number of SGWU-Sessions is now 3 (../src/sgwu/context.c:175)
05/06 18:44:32.541: [sgwu] INFO: UE F-SEID[UP:0xb03 CP:0x700] (../src/sgwu/context.c:170)
05/06 18:44:32.541: [sgwu] INFO: [Added] Number of SGWU-Sessions is now 4 (../src/sgwu/context.c:175)
05/06 18:49:03.544: [sgwu] INFO: [Removed] Number of SGWU-sessions is now 3 (../src/sgwu/context.c:201)
05/06 18:49:04.483: [sgwu] INFO: [Removed] Number of SGWU-sessions is now 2 (../src/sgwu/context.c:201)
05/06 18:57:40.879: [sgwu] INFO: UE F-SEID[UP:0x2cf CP:0x948] (../src/sgwu/context.c:170)
05/06 18:57:40.879: [sgwu] INFO: [Added] Number of SGWU-Sessions is now 3 (../src/sgwu/context.c:175)
05/06 18:57:43.036: [sgwu] INFO: UE F-SEID[UP:0xd2c CP:0x155] (../src/sgwu/context.c:170)
05/06 18:57:43.036: [sgwu] INFO: [Added] Number of SGWU-Sessions is now 4 (../src/sgwu/context.c:175)
05/06 18:58:22.565: [sgwu] INFO: [Removed] Number of SGWU-sessions is now 3 (../src/sgwu/context.c:201)
05/06 18:58:23.940: [sgwu] INFO: [Removed] Number of SGWU-sessions is now 2 (../src/sgwu/context.c:201)
05/06 18:59:14.978: [sgwu] INFO: UE F-SEID[UP:0x556 CP:0x42a] (../src/sgwu/context.c:170)
05/06 18:59:14.978: [sgwu] INFO: [Added] Number of SGWU-Sessions is now 3 (../src/sgwu/context.c:175)
05/06 18:59:17.539: [sgwu] INFO: UE F-SEID[UP:0x27 CP:0xb56] (../src/sgwu/context.c:170)
05/06 18:59:17.539: [sgwu] INFO: [Added] Number of SGWU-Sessions is now 4 (../src/sgwu/context.c:175)
05/06 19:02:05.060: [sgwu] INFO: [Removed] Number of SGWU-sessions is now 3 (../src/sgwu/context.c:201)
05/06 19:02:06.299: [sgwu] INFO: UE F-SEID[UP:0xe7c CP:0xbdd] (../src/sgwu/context.c:170)
05/06 19:02:06.299: [sgwu] INFO: [Added] Number of SGWU-Sessions is now 4 (../src/sgwu/context.c:175)
05/06 19:03:45.620: [sgwu] INFO: [Removed] Number of SGWU-sessions is now 3 (../src/sgwu/context.c:201)
05/06 19:03:45.620: [sgwu] INFO: [Removed] Number of SGWU-sessions is now 2 (../src/sgwu/context.c:201)
05/06 19:03:56.418: [sgwu] INFO: [Removed] Number of SGWU-sessions is now 1 (../src/sgwu/context.c:201)
05/06 19:03:56.418: [sgwu] INFO: [Removed] Number of SGWU-sessions is now 0 (../src/sgwu/context.c:201)
05/06 19:04:29.959: [sgwu] INFO: UE F-SEID[UP:0xe9e CP:0x7b7] (../src/sgwu/context.c:170)
05/06 19:04:29.959: [sgwu] INFO: [Added] Number of SGWU-Sessions is now 1 (../src/sgwu/context.c:175)
05/06 19:04:30.221: [sgwu] INFO: UE F-SEID[UP:0xa88 CP:0x15b] (../src/sgwu/context.c:170)
05/06 19:04:30.221: [sgwu] INFO: [Added] Number of SGWU-Sessions is now 2 (../src/sgwu/context.c:175)
05/06 19:04:36.038: [sgwu] INFO: [Removed] Number of SGWU-sessions is now 1 (../src/sgwu/context.c:201)
05/06 19:04:36.038: [sgwu] INFO: [Removed] Number of SGWU-sessions is now 0 (../src/sgwu/context.c:201)
05/06 19:05:02.977: [sgwu] INFO: UE F-SEID[UP:0x9b2 CP:0x7d3] (../src/sgwu/context.c:170)
05/06 19:05:02.977: [sgwu] INFO: [Added] Number of SGWU-Sessions is now 1 (../src/sgwu/context.c:175)
05/06 19:05:03.245: [sgwu] INFO: UE F-SEID[UP:0xbbe CP:0x2b4] (../src/sgwu/context.c:170)
05/06 19:05:03.245: [sgwu] INFO: [Added] Number of SGWU-Sessions is now 2 (../src/sgwu/context.c:175)
05/06 19:05:07.859: [sgwu] INFO: UE F-SEID[UP:0x2d2 CP:0x89] (../src/sgwu/context.c:170)
05/06 19:05:07.859: [sgwu] INFO: [Added] Number of SGWU-Sessions is now 3 (../src/sgwu/context.c:175)
05/06 19:05:08.659: [sgwu] INFO: UE F-SEID[UP:0xc7 CP:0xef0] (../src/sgwu/context.c:170)
05/06 19:05:08.659: [sgwu] INFO: [Added] Number of SGWU-Sessions is now 4 (../src/sgwu/context.c:175)
05/06 19:10:41.821: [sgwu] INFO: [Removed] Number of SGWU-sessions is now 3 (../src/sgwu/context.c:201)
05/06 19:10:41.821: [sgwu] INFO: [Removed] Number of SGWU-sessions is now 2 (../src/sgwu/context.c:201)
05/07 12:14:15.946: [core] ERROR: epoll failed (4:Interrupted system call) (../lib/core/ogs-epoll.c:221)
Open5GS daemon v2.7.6-78-g47d0062

05/07 12:56:41.544: [app] INFO: Configuration: '/open5gs/install/etc/open5gs/sgwu.yaml' (../lib/app/ogs-init.c:144)
05/07 12:56:41.544: [app] INFO: File Logging: '/open5gs/install/var/log/open5gs/sgwu.log' (../lib/app/ogs-init.c:147)
05/07 12:56:41.597: [pfcp] INFO: pfcp_server() [172.22.0.6]:8805 (../lib/pfcp/path.c:30)
05/07 12:56:41.598: [gtp] INFO: gtp_server() [172.22.0.6]:2152 (../lib/gtp/path.c:30)
05/07 12:56:41.598: [app] INFO: SGW-U initialize...done (../src/sgwu/app.c:31)
05/07 12:56:41.618: [sgwu] INFO: PFCP associated [172.22.0.5]:8805 (../src/sgwu/pfcp-sm.c:163)
05/07 12:56:44.099: [sgwu] WARNING: PFCP[RSP] has already been associated [172.22.0.5]:8805 (../src/sgwu/pfcp-sm.c:254)
Open5GS daemon v2.7.6-78-g47d0062

05/07 12:56:51.144: [app] INFO: Configuration: '/open5gs/install/etc/open5gs/sgwu.yaml' (../lib/app/ogs-init.c:144)
05/07 12:56:51.144: [app] INFO: File Logging: '/open5gs/install/var/log/open5gs/sgwu.log' (../lib/app/ogs-init.c:147)
05/07 12:56:51.189: [pfcp] INFO: pfcp_server() [172.22.0.6]:8805 (../lib/pfcp/path.c:30)
05/07 12:56:51.189: [gtp] INFO: gtp_server() [172.22.0.6]:2152 (../lib/gtp/path.c:30)
05/07 12:56:51.189: [app] INFO: SGW-U initialize...done (../src/sgwu/app.c:31)
05/07 12:56:51.189: [sgwu] INFO: PFCP associated [172.22.0.5]:8805 (../src/sgwu/pfcp-sm.c:163)
05/07 12:56:53.612: [sgwu] WARNING: PFCP[REQ] has already been associated [172.22.0.5]:8805 (../src/sgwu/pfcp-sm.c:248)
Open5GS daemon v2.7.6-78-g47d0062

05/07 13:07:03.779: [app] INFO: Configuration: '/open5gs/install/etc/open5gs/sgwu.yaml' (../lib/app/ogs-init.c:144)
05/07 13:07:03.780: [app] INFO: File Logging: '/open5gs/install/var/log/open5gs/sgwu.log' (../lib/app/ogs-init.c:147)
05/07 13:07:03.826: [pfcp] INFO: pfcp_server() [172.22.0.6]:8805 (../lib/pfcp/path.c:30)
05/07 13:07:03.826: [gtp] INFO: gtp_server() [172.22.0.6]:2152 (../lib/gtp/path.c:30)
05/07 13:07:03.829: [app] INFO: SGW-U initialize...done (../src/sgwu/app.c:31)
05/07 13:07:03.829: [sgwu] INFO: PFCP associated [172.22.0.5]:8805 (../src/sgwu/pfcp-sm.c:163)
05/07 13:07:06.267: [sgwu] WARNING: PFCP[REQ] has already been associated [172.22.0.5]:8805 (../src/sgwu/pfcp-sm.c:248)
05/07 13:08:33.643: [sgwu] INFO: UE F-SEID[UP:0x643 CP:0x757] (../src/sgwu/context.c:170)
05/07 13:08:33.643: [sgwu] INFO: [Added] Number of SGWU-Sessions is now 1 (../src/sgwu/context.c:175)
05/07 13:08:33.646: [gtp] INFO: gtp_connect() [172.22.0.8]:2152 (../lib/gtp/path.c:60)
05/07 13:08:33.905: [gtp] INFO: gtp_connect() [172.22.0.50]:2152 (../lib/gtp/path.c:60)
05/07 13:08:33.906: [sgwu] INFO: UE F-SEID[UP:0xb7d CP:0xa57] (../src/sgwu/context.c:170)
05/07 13:08:33.906: [sgwu] INFO: [Added] Number of SGWU-Sessions is now 2 (../src/sgwu/context.c:175)
05/07 13:09:50.287: [sgwu] INFO: UE F-SEID[UP:0x92e CP:0x880] (../src/sgwu/context.c:170)
05/07 13:09:50.287: [sgwu] INFO: [Added] Number of SGWU-Sessions is now 3 (../src/sgwu/context.c:175)
05/07 13:09:53.689: [sgwu] INFO: [Removed] Number of SGWU-sessions is now 2 (../src/sgwu/context.c:201)
05/07 13:09:59.668: [sgwu] INFO: UE F-SEID[UP:0xae9 CP:0x8c] (../src/sgwu/context.c:170)
05/07 13:09:59.668: [sgwu] INFO: [Added] Number of SGWU-Sessions is now 3 (../src/sgwu/context.c:175)
05/07 13:10:01.128: [sgwu] INFO: UE F-SEID[UP:0x63d CP:0xbdf] (../src/sgwu/context.c:170)
05/07 13:10:01.128: [sgwu] INFO: [Added] Number of SGWU-Sessions is now 4 (../src/sgwu/context.c:175)
05/07 13:35:36.232: [sgwu] INFO: [Removed] Number of SGWU-sessions is now 3 (../src/sgwu/context.c:201)
05/07 13:35:37.191: [sgwu] INFO: [Removed] Number of SGWU-sessions is now 2 (../src/sgwu/context.c:201)
